#
# A fatal error has been detected by the Java Runtime Environment:
#
#  EXCEPTION_ACCESS_VIOLATION (0xc0000005) at pc=0x000000006fa59792, pid=31408, tid=32460
#
# JRE version: Java(TM) SE Runtime Environment (10.0.1+10) (build 10.0.1+10)
# Java VM: Java HotSpot(TM) 64-Bit Server VM (10.0.1+10, mixed mode, tiered, compressed oops, g1 gc, windows-amd64)
# Problematic frame:
# V  [jvm.dll+0x5f9792]
#
# No core dump will be written. Minidumps are not enabled by default on client versions of Windows
#
# If you would like to submit a bug report, please visit:
#   http://bugreport.java.com/bugreport/crash.jsp
#

---------------  S U M M A R Y ------------

Command Line: -Drebel.base=C:\Users\DaiKa\.jrebel -Drebel.env.ide.plugin.version=2018.2.4 -Drebel.env.ide.version=4.8.0 -Drebel.env.ide.product=Eclipse_IDE -Drebel.env.ide=eclipse -Drebel.notification.url=http://localhost:17434 -Drebel.workspace.path=E:\Users\Daika\eclipse\project -Drebel.properties=C:\Users\DaiKa\.jrebel\jrebel.properties -agentpath:E:\Downloads\eclipse\plugins\org.zeroturnaround.eclipse.embedder_2018.2.4.RELEASE\jrebel\lib\jrebel64.dll -Dfile.encoding=UTF-8 -Djava.net.preferIPv4Stack=true net.cec.controller.GroupVideoWatcher

Host: Intel(R) Core(TM) i7-5820K CPU @ 3.30GHz, 12 cores, 31G,  Windows 10 , 64 bit Build 17134 (10.0.17134.1)
Time: Fri Jan 11 18:12:41 2019 SE Asia Standard Time elapsed time: 183 seconds (0d 0h 3m 3s)

---------------  T H R E A D  ---------------

Current thread (0x000001a119d4f800):  JavaThread "main" [_thread_in_vm, id=32460, stack(0x0000005f78500000,0x0000005f78600000)]

Stack: [0x0000005f78500000,0x0000005f78600000],  sp=0x0000005f785fc200,  free space=1008k
Native frames: (J=compiled Java code, j=interpreted, Vv=VM code, C=native code)
V  [jvm.dll+0x5f9792]
V  [jvm.dll+0x372e6b]
V  [jvm.dll+0x4a7b26]
V  [jvm.dll+0x4a2dc5]
V  [jvm.dll+0x3759e9]
V  [jvm.dll+0x6280a8]
V  [jvm.dll+0x6284bf]
V  [jvm.dll+0x627fd7]
V  [jvm.dll+0x3e8dbf]
C  0x000001a12588f317

Java frames: (J=compiled Java code, j=interpreted, Vv=VM code)
j  java.lang.StackStreamFactory$AbstractStackWalker.fetchStackFrames(JJII[Ljava/lang/Object;)I+0 java.base@10.0.1
j  java.lang.StackStreamFactory$AbstractStackWalker.fetchStackFrames(I)I+35 java.base@10.0.1
j  java.lang.StackStreamFactory$AbstractStackWalker.getNextBatch()I+61 java.base@10.0.1
j  java.lang.StackStreamFactory$AbstractStackWalker.peekFrame()Ljava/lang/Class;+32 java.base@10.0.1
j  java.lang.StackStreamFactory$AbstractStackWalker.hasNext()Z+1 java.base@10.0.1
j  java.lang.StackStreamFactory$StackFrameTraverser.tryAdvance(Ljava/util/function/Consumer;)Z+48 java.base@10.0.1
j  java.util.stream.ReferencePipeline.forEachWithCancel(Ljava/util/Spliterator;Ljava/util/stream/Sink;)Z+13 java.base@10.0.1
j  java.util.stream.AbstractPipeline.copyIntoWithCancel(Ljava/util/stream/Sink;Ljava/util/Spliterator;)Z+32 java.base@10.0.1
j  java.util.stream.AbstractPipeline.copyInto(Ljava/util/stream/Sink;Ljava/util/Spliterator;)V+49 java.base@10.0.1
j  java.util.stream.AbstractPipeline.wrapAndCopyInto(Ljava/util/stream/Sink;Ljava/util/Spliterator;)Ljava/util/stream/Sink;+18 java.base@10.0.1
j  java.util.stream.FindOps$FindOp.evaluateSequential(Ljava/util/stream/PipelineHelper;Ljava/util/Spliterator;)Ljava/lang/Object;+19 java.base@10.0.1
j  java.util.stream.AbstractPipeline.evaluate(Ljava/util/stream/TerminalOp;)Ljava/lang/Object;+103 java.base@10.0.1
j  java.util.stream.ReferencePipeline.findFirst()Ljava/util/Optional;+5 java.base@10.0.1
j  java.util.logging.LogRecord$CallerFinder.lambda$get$1(Ljava/util/stream/Stream;)Ljava/util/Optional;+7 java.logging@10.0.1
j  java.util.logging.LogRecord$CallerFinder$$Lambda$123.apply(Ljava/lang/Object;)Ljava/lang/Object;+13 java.logging@10.0.1
j  java.lang.StackStreamFactory$StackFrameTraverser.consumeFrames()Ljava/lang/Object;+56 java.base@10.0.1
j  java.lang.StackStreamFactory$AbstractStackWalker.doStackWalk(JIIII)Ljava/lang/Object;+78 java.base@10.0.1
v  ~StubRoutines::call_stub
j  java.lang.StackStreamFactory$AbstractStackWalker.callStackWalk(JIII[Ljava/lang/Object;)Ljava/lang/Object;+0 java.base@10.0.1
j  java.lang.StackStreamFactory$AbstractStackWalker.beginStackWalk()Ljava/lang/Object;+31 java.base@10.0.1
j  java.lang.StackStreamFactory$AbstractStackWalker.walk()Ljava/lang/Object;+8 java.base@10.0.1
j  java.lang.StackWalker.walk(Ljava/util/function/Function;)Ljava/lang/Object;+10 java.base@10.0.1
j  java.util.logging.LogRecord$CallerFinder.get()Ljava/util/Optional;+9 java.logging@10.0.1
j  java.util.logging.LogRecord.inferCaller()V+12 java.logging@10.0.1
j  java.util.logging.LogRecord.getSourceClassName()Ljava/lang/String;+39 java.logging@10.0.1
j  java.util.logging.SimpleFormatter.format(Ljava/util/logging/LogRecord;)Ljava/lang/String;+16 java.logging@10.0.1
j  java.util.logging.StreamHandler.publish(Ljava/util/logging/LogRecord;)V+27 java.logging@10.0.1
j  java.util.logging.ConsoleHandler.publish(Ljava/util/logging/LogRecord;)V+6 java.logging@10.0.1
j  java.util.logging.Logger.log(Ljava/util/logging/LogRecord;)V+106 java.logging@10.0.1
j  java.util.logging.Logger.doLog(Ljava/util/logging/LogRecord;)V+46 java.logging@10.0.1
j  java.util.logging.Logger.log(Ljava/util/logging/Level;Ljava/lang/String;Ljava/lang/Throwable;)V+33 java.logging@10.0.1
j  org.openqa.selenium.support.ui.ExpectedConditions.findElement(Lorg/openqa/selenium/By;Lorg/openqa/selenium/WebDriver;)Lorg/openqa/selenium/WebElement;+38
J 7754 c1 org.openqa.selenium.support.ui.ExpectedConditions$3.apply(Ljava/lang/Object;)Ljava/lang/Object; (15 bytes) @ 0x000001a127048794 [0x000001a127048500+0x0000000000000294]
j  org.openqa.selenium.support.ui.FluentWait.until(Lcom/google/common/base/Function;)Ljava/lang/Object;+32
j  net.cec.controller.GroupVideoWatcher.crawlVideo(Lorg/openqa/selenium/WebDriver;)V+310
j  net.cec.controller.GroupVideoWatcher.main([Ljava/lang/String;)V+178
v  ~StubRoutines::call_stub

siginfo: EXCEPTION_ACCESS_VIOLATION (0xc0000005), reading address 0x0000000000000008


Register to memory mapping:

RIP=0x000000006fa59792 jvm.dll
RAX=0x0000000000000010 is an unknown value
RBX=0x000001a119d4c5b0 is an unknown value
RCX=0x00000005cfbe96d0 is an oop
java.lang.invoke.ResolvedMethodName 
{0x00000005cfbe96d0} - klass: 'java/lang/invoke/ResolvedMethodName'
RDX=0x0000000000000010 is an unknown value
RSP=0x0000005f785fc200 is pointing into the stack for thread: 0x000001a119d4f800
RBP=0x000001a119d4f800 is a thread
RSI=0x0000000000000000 is an unknown value
RDI=0x0000000000000000 is an unknown value
R8 =0x0000000000000000 is an unknown value
R9 ={method} {0x000001a15393cf68} '_jr$ldc908' '()Ljava/lang/Class;' in 'net/cec/controller/GroupVideoWatcher'
R10=0x0000000000000014 is an unknown value
R11=0x0000000000000012 is an unknown value
R12=0x000001a119d4f800 is a thread
R13=0x00000007c033f8e0 is pointing into metadata
R14=0x0000005f785fc320 is pointing into the stack for thread: 0x000001a119d4f800
R15=0x0000000000000000 is an unknown value


Registers:
RAX=0x0000000000000010, RBX=0x000001a119d4c5b0, RCX=0x00000005cfbe96d0, RDX=0x0000000000000010
RSP=0x0000005f785fc200, RBP=0x000001a119d4f800, RSI=0x0000000000000000, RDI=0x0000000000000000
R8 =0x0000000000000000, R9 =0x000001a15393cf60, R10=0x0000000000000014, R11=0x0000000000000012
R12=0x000001a119d4f800, R13=0x00000007c033f8e0, R14=0x0000005f785fc320, R15=0x0000000000000000
RIP=0x000000006fa59792, EFLAGS=0x0000000000010202

Top of Stack: (sp=0x0000005f785fc200)
0x0000005f785fc200:   000001a119d4c5b0 0000005f785fc280
0x0000005f785fc210:   000001a119d4f800 0000000000000000
0x0000005f785fc220:   00000005cfbe96d0 000000006f7d2e6b
0x0000005f785fc230:   000001a1513b0198 000001a119d4f800
0x0000005f785fc240:   0000005f785fc280 0000000000000000
0x0000005f785fc250:   000001a11a50b840 000000006f907b26
0x0000005f785fc260:   0000000000000000 000001a1503f4b40
0x0000005f785fc270:   0000000000000000 00000000ffffffff
0x0000005f785fc280:   000001a1503f4b40 000001a119d4f800
0x0000005f785fc290:   000001a1183a7128 000000006f902dc5
0x0000005f785fc2a0:   0000005f785fc320 00000007c033f8e0
0x0000005f785fc2b0:   000001a1503f4b40 00000000fffffffe
0x0000005f785fc2c0:   000001a1503f4b40 000001a119d4f800
0x0000005f785fc2d0:   0000000000000000 0000005f785fc420
0x0000005f785fc2e0:   0000000000000008 000001a119d4f800
0x0000005f785fc2f0:   0000000000000000 000000006f7d59e9 

Instructions: (pc=0x000000006fa59792)
0x000000006fa59772:   e8 f9 d4 d5 ff 48 8b cf 48 8b f0 48 8b 44 24 30
0x000000006fa59782:   48 85 c0 74 03 48 8b 08 48 8b d6 e8 ee c7 d7 ff
0x000000006fa59792:   48 8b 46 08 48 8b 48 08 48 8b 41 18 b9 00 80 00
0x000000006fa597a2:   00 66 09 88 1a 01 00 00 48 8b 44 24 30 48 85 c0 



---------------  P R O C E S S  ---------------

Threads class SMR info:
_java_thread_list=0x000001a14e37f9d0, length=30, elements={
0x000001a119d4f800, 0x000001a14ae3d800, 0x000001a14ae3e000, 0x000001a118388000,
0x000001a14aee3000, 0x000001a14aeec000, 0x000001a14aeee800, 0x000001a14aef1000,
0x000001a14aef0000, 0x000001a14aefe000, 0x000001a14bab5800, 0x000001a14be30000,
0x000001a14bd77000, 0x000001a14c3a5000, 0x000001a14cc16800, 0x000001a14cc1a000,
0x000001a14cc14800, 0x000001a14cc17800, 0x000001a14cc13800, 0x000001a14cc15000,
0x000001a14cc1a800, 0x000001a14cc16000, 0x000001a14f2be000, 0x000001a14f2c2000,
0x000001a14f2bf000, 0x000001a14f2bf800, 0x000001a14f2ca800, 0x000001a14f2c7800,
0x000001a14f2c8800, 0x000001a14f2bc000
}

Java Threads: ( => current thread )
=>0x000001a119d4f800 JavaThread "main" [_thread_in_vm, id=32460, stack(0x0000005f78500000,0x0000005f78600000)]
  0x000001a14ae3d800 JavaThread "Reference Handler" daemon [_thread_blocked, id=37628, stack(0x0000005f7a000000,0x0000005f7a100000)]
  0x000001a14ae3e000 JavaThread "Finalizer" daemon [_thread_blocked, id=11788, stack(0x0000005f7a100000,0x0000005f7a200000)]
  0x000001a118388000 JavaThread "Signal Dispatcher" daemon [_thread_blocked, id=15416, stack(0x0000005f7a200000,0x0000005f7a300000)]
  0x000001a14aee3000 JavaThread "Attach Listener" daemon [_thread_blocked, id=14504, stack(0x0000005f7a300000,0x0000005f7a400000)]
  0x000001a14aeec000 JavaThread "C2 CompilerThread0" daemon [_thread_in_native, id=26644, stack(0x0000005f7a400000,0x0000005f7a500000)]
  0x000001a14aeee800 JavaThread "C2 CompilerThread1" daemon [_thread_in_native, id=42216, stack(0x0000005f7a500000,0x0000005f7a600000)]
  0x000001a14aef1000 JavaThread "C2 CompilerThread2" daemon [_thread_in_native, id=35188, stack(0x0000005f7a600000,0x0000005f7a700000)]
  0x000001a14aef0000 JavaThread "C1 CompilerThread3" daemon [_thread_blocked, id=38972, stack(0x0000005f7a700000,0x0000005f7a800000)]
  0x000001a14aefe000 JavaThread "Sweeper thread" daemon [_thread_blocked, id=12060, stack(0x0000005f7a800000,0x0000005f7a900000)]
  0x000001a14bab5800 JavaThread "Common-Cleaner" daemon [_thread_blocked, id=8692, stack(0x0000005f7a900000,0x0000005f7aa00000)]
  0x000001a14be30000 JavaThread "Service Thread" daemon [_thread_blocked, id=14656, stack(0x0000005f7aa00000,0x0000005f7ab00000)]
  0x000001a14bd77000 JavaThread "rebel-logger" daemon [_thread_blocked, id=25380, stack(0x0000005f7ac00000,0x0000005f7ad00000)]
  0x000001a14c3a5000 JavaThread "rebel-CacheKeepAlive" daemon [_thread_blocked, id=26332, stack(0x0000005f7b100000,0x0000005f7b200000)]
  0x000001a14cc16800 JavaThread "rebel-fsnotify-ShutdownOnTermination" daemon [_thread_in_native, id=12864, stack(0x0000005f7b200000,0x0000005f7b300000)]
  0x000001a14cc1a000 JavaThread "rebel-fsnotify-OutputReader" daemon [_thread_blocked, id=32996, stack(0x0000005f7b300000,0x0000005f7b400000)]
  0x000001a14cc14800 JavaThread "rebel-fsnotify-OutputReader" daemon [_thread_blocked, id=16472, stack(0x0000005f7b400000,0x0000005f7b500000)]
  0x000001a14cc17800 JavaThread "rebel-weak-reaper" daemon [_thread_blocked, id=14324, stack(0x0000005f7ad00000,0x0000005f7ae00000)]
  0x000001a14cc13800 JavaThread "rebel-messaging-executor-42" daemon [_thread_blocked, id=19128, stack(0x0000005f7ae00000,0x0000005f7af00000)]
  0x000001a14cc15000 JavaThread "rebel-IDENotificationsImpl-PostCycle" daemon [_thread_blocked, id=40176, stack(0x0000005f7af00000,0x0000005f7b000000)]
  0x000001a14cc1a800 JavaThread "rebel-leaseManager-1" daemon [_thread_blocked, id=1328, stack(0x0000005f7b500000,0x0000005f7b600000)]
  0x000001a14cc16000 JavaThread "rebel-redeploy-thread" daemon [_thread_blocked, id=31916, stack(0x0000005f7b700000,0x0000005f7b800000)]
  0x000001a14f2be000 JavaThread "rebel-heartbeat-thread" daemon [_thread_blocked, id=33656, stack(0x0000005f7b800000,0x0000005f7b900000)]
  0x000001a14f2c2000 JavaThread "rebel-debugger-attach-notifier" daemon [_thread_blocked, id=34692, stack(0x0000005f7b900000,0x0000005f7ba00000)]
  0x000001a14f2bf000 JavaThread "rebel-debugger-thread" daemon [_thread_blocked, id=36628, stack(0x0000005f7ba00000,0x0000005f7bb00000)]
  0x000001a14f2bf800 JavaThread "rebel-change-detector-thread" daemon [_thread_blocked, id=24232, stack(0x0000005f7bb00000,0x0000005f7bc00000)]
  0x000001a14f2ca800 JavaThread "Thread-14" [_thread_in_native, id=41236, stack(0x0000005f7bf00000,0x0000005f7c000000)]
  0x000001a14f2c7800 JavaThread "Thread-15" daemon [_thread_in_native, id=9728, stack(0x0000005f7c100000,0x0000005f7c200000)]
  0x000001a14f2c8800 JavaThread "Thread-16" daemon [_thread_in_native, id=26780, stack(0x0000005f7c200000,0x0000005f7c300000)]
  0x000001a14f2bc000 JavaThread "Intermediate Collector" daemon [_thread_blocked, id=11880, stack(0x0000005f78200000,0x0000005f78300000)]

Other Threads:
  0x000001a14ae3c800 VMThread "VM Thread" [stack: 0x0000005f79f00000,0x0000005f7a000000] [id=39584]
  0x000001a14be32000 WatcherThread [stack: 0x0000005f7ab00000,0x0000005f7ac00000] [id=42072]
  0x000001a119e66000 GCTaskThread "GC Thread#0" [stack: 0x0000005f78600000,0x0000005f78700000] [id=21444]
  0x000001a119e67800 GCTaskThread "GC Thread#1" [stack: 0x0000005f78700000,0x0000005f78800000] [id=42096]
  0x000001a119e6a000 GCTaskThread "GC Thread#2" [stack: 0x0000005f78800000,0x0000005f78900000] [id=23764]
  0x000001a119e71800 GCTaskThread "GC Thread#3" [stack: 0x0000005f78900000,0x0000005f78a00000] [id=30300]
  0x000001a119e73000 GCTaskThread "GC Thread#4" [stack: 0x0000005f78a00000,0x0000005f78b00000] [id=29732]
  0x000001a119e77000 GCTaskThread "GC Thread#5" [stack: 0x0000005f78b00000,0x0000005f78c00000] [id=6572]
  0x000001a119e7b000 GCTaskThread "GC Thread#6" [stack: 0x0000005f78c00000,0x0000005f78d00000] [id=25152]
  0x000001a119e7d000 GCTaskThread "GC Thread#7" [stack: 0x0000005f78d00000,0x0000005f78e00000] [id=39684]
  0x000001a119e7f000 GCTaskThread "GC Thread#8" [stack: 0x0000005f78e00000,0x0000005f78f00000] [id=23136]
  0x000001a119e81000 GCTaskThread "GC Thread#9" [stack: 0x0000005f78f00000,0x0000005f79000000] [id=42784]
  0x000001a119dca800 ConcurrentGCThread "G1 Main Marker" [stack: 0x0000005f79000000,0x0000005f79100000] [id=28840]
  0x000001a119dcd800 ConcurrentGCThread "G1 Conc#0" [stack: 0x0000005f79100000,0x0000005f79200000] [id=8756]
  0x000001a119dd6800 ConcurrentGCThread "G1 Conc#1" [stack: 0x0000005f79200000,0x0000005f79300000] [id=32060]
  0x000001a119dda000 ConcurrentGCThread "G1 Conc#2" [stack: 0x0000005f79300000,0x0000005f79400000] [id=28108]
  0x000001a119ece000 ConcurrentGCThread "G1 Refine#0" [stack: 0x0000005f79400000,0x0000005f79500000] [id=20252]
  0x000001a14acb4800 ConcurrentGCThread "G1 Refine#1" [stack: 0x0000005f79500000,0x0000005f79600000] [id=36292]
  0x000001a14acb5000 ConcurrentGCThread "G1 Refine#2" [stack: 0x0000005f79600000,0x0000005f79700000] [id=34980]
  0x000001a14acbc000 ConcurrentGCThread "G1 Refine#3" [stack: 0x0000005f79700000,0x0000005f79800000] [id=30268]
  0x000001a14acbe800 ConcurrentGCThread "G1 Refine#4" [stack: 0x0000005f79800000,0x0000005f79900000] [id=7428]
  0x000001a14acc1800 ConcurrentGCThread "G1 Refine#5" [stack: 0x0000005f79900000,0x0000005f79a00000] [id=33180]
  0x000001a14acd0000 ConcurrentGCThread "G1 Refine#6" [stack: 0x0000005f79a00000,0x0000005f79b00000] [id=37788]
  0x000001a14acd0800 ConcurrentGCThread "G1 Refine#7" [stack: 0x0000005f79b00000,0x0000005f79c00000] [id=35736]
  0x000001a14acd1000 ConcurrentGCThread "G1 Refine#8" [stack: 0x0000005f79c00000,0x0000005f79d00000] [id=34656]
  0x000001a14acd2800 ConcurrentGCThread "G1 Refine#9" [stack: 0x0000005f79d00000,0x0000005f79e00000] [id=35480]
  0x000001a14acd3000 ConcurrentGCThread "G1 Young RemSet Sampling" [stack: 0x0000005f79e00000,0x0000005f79f00000] [id=24296]

Threads with active compile tasks:
C2 CompilerThread07943 % !   4       com.zeroturnaround.javarebel.gbn::a @ 395 (1573 bytes)
C2 CompilerThread17862       4       com.zeroturnaround.jrebelbase.facade.g::compareObject (67 bytes)
C2 CompilerThread27826       4       com.zeroturnaround.javarebel.fxs::a (5085 bytes)

VM state:not at safepoint (normal execution)

VM Mutex/Monitor currently owned by a thread:  ([mutex/lock_event])
[0x000001a119d4c5b0] ResolvedMethodTable_lock - owner thread: 0x000001a119d4f800

Heap address: 0x00000005c1800000, size: 8168 MB, Compressed Oops mode: Zero based, Oop shift amount: 3
Narrow klass base: 0x0000000000000000, Narrow klass shift: 3
Compressed class space size: 1073741824 Address: 0x00000007c0000000

Heap:
 garbage-first heap   total 524288K, used 304856K [0x00000005c1800000, 0x00000007c0000000)
  region size 2048K, 143 young (292864K), 3 survivors (6144K)
 Metaspace       used 46639K, capacity 47960K, committed 48640K, reserved 1093632K
  class space    used 4870K, capacity 5271K, committed 5376K, reserved 1048576K
Heap Regions: E=young(eden), S=young(survivor), O=old, HS=humongous(starts), HC=humongous(continues), CS=collection set, F=free, A=archive, TS=gc time stamp, AC=allocation context, TAMS=top-at-mark-start (previous, next)
|   0|0x00000005c1800000, 0x00000005c1a00000, 0x00000005c1a00000|100%| O|  |TS  0|AC  0|TAMS 0x00000005c1a00000, 0x00000005c1a00000|
|   1|0x00000005c1a00000, 0x00000005c1c00000, 0x00000005c1c00000|100%| O|  |TS  0|AC  0|TAMS 0x00000005c1c00000, 0x00000005c1c00000|
|   2|0x00000005c1c00000, 0x00000005c1e00000, 0x00000005c1e00000|100%| O|  |TS  0|AC  0|TAMS 0x00000005c1e00000, 0x00000005c1e00000|
|   3|0x00000005c1e00000, 0x00000005c2000000, 0x00000005c2000000|100%| O|  |TS  0|AC  0|TAMS 0x00000005c2000000, 0x00000005c2000000|
|   4|0x00000005c2000000, 0x00000005c2200000, 0x00000005c2200000|100%| O|  |TS  0|AC  0|TAMS 0x00000005c2200000, 0x00000005c2200000|
|   5|0x00000005c2200000, 0x00000005c2400000, 0x00000005c2400000|100%| O|  |TS  0|AC  0|TAMS 0x00000005c2400000, 0x00000005c2400000|
|   6|0x00000005c2400000, 0x00000005c2600000, 0x00000005c2600000|100%| O|  |TS  0|AC  0|TAMS 0x00000005c2600000, 0x00000005c2600000|
|   7|0x00000005c2600000, 0x00000005c26c7a00, 0x00000005c2800000| 38%| O|  |TS  0|AC  0|TAMS 0x00000005c26c7a00, 0x00000005c26c7a00|
|   8|0x00000005c2800000, 0x00000005c2800000, 0x00000005c2a00000|  0%| F|  |TS  0|AC  0|TAMS 0x00000005c2800000, 0x00000005c2800000|
|   9|0x00000005c2a00000, 0x00000005c2a00000, 0x00000005c2c00000|  0%| F|  |TS  0|AC  0|TAMS 0x00000005c2a00000, 0x00000005c2a00000|
|  10|0x00000005c2c00000, 0x00000005c2c00000, 0x00000005c2e00000|  0%| F|  |TS  0|AC  0|TAMS 0x00000005c2c00000, 0x00000005c2c00000|
|  11|0x00000005c2e00000, 0x00000005c2e00000, 0x00000005c3000000|  0%| F|  |TS  0|AC  0|TAMS 0x00000005c2e00000, 0x00000005c2e00000|
|  12|0x00000005c3000000, 0x00000005c3000000, 0x00000005c3200000|  0%| F|  |TS  0|AC  0|TAMS 0x00000005c3000000, 0x00000005c3000000|
|  13|0x00000005c3200000, 0x00000005c3200000, 0x00000005c3400000|  0%| F|  |TS  0|AC  0|TAMS 0x00000005c3200000, 0x00000005c3200000|
|  14|0x00000005c3400000, 0x00000005c3400000, 0x00000005c3600000|  0%| F|  |TS  0|AC  0|TAMS 0x00000005c3400000, 0x00000005c3400000|
|  15|0x00000005c3600000, 0x00000005c3600000, 0x00000005c3800000|  0%| F|  |TS  0|AC  0|TAMS 0x00000005c3600000, 0x00000005c3600000|
|  16|0x00000005c3800000, 0x00000005c3800000, 0x00000005c3a00000|  0%| F|  |TS  0|AC  0|TAMS 0x00000005c3800000, 0x00000005c3800000|
|  17|0x00000005c3a00000, 0x00000005c3a00000, 0x00000005c3c00000|  0%| F|  |TS  0|AC  0|TAMS 0x00000005c3a00000, 0x00000005c3a00000|
|  18|0x00000005c3c00000, 0x00000005c3c00000, 0x00000005c3e00000|  0%| F|  |TS  0|AC  0|TAMS 0x00000005c3c00000, 0x00000005c3c00000|
|  19|0x00000005c3e00000, 0x00000005c3e00000, 0x00000005c4000000|  0%| F|  |TS  0|AC  0|TAMS 0x00000005c3e00000, 0x00000005c3e00000|
|  20|0x00000005c4000000, 0x00000005c4000000, 0x00000005c4200000|  0%| F|  |TS  0|AC  0|TAMS 0x00000005c4000000, 0x00000005c4000000|
|  21|0x00000005c4200000, 0x00000005c4200000, 0x00000005c4400000|  0%| F|  |TS  0|AC  0|TAMS 0x00000005c4200000, 0x00000005c4200000|
|  22|0x00000005c4400000, 0x00000005c4400000, 0x00000005c4600000|  0%| F|  |TS  0|AC  0|TAMS 0x00000005c4400000, 0x00000005c4400000|
|  23|0x00000005c4600000, 0x00000005c4600000, 0x00000005c4800000|  0%| F|  |TS  0|AC  0|TAMS 0x00000005c4600000, 0x00000005c4600000|
|  24|0x00000005c4800000, 0x00000005c4800000, 0x00000005c4a00000|  0%| F|  |TS  0|AC  0|TAMS 0x00000005c4800000, 0x00000005c4800000|
|  25|0x00000005c4a00000, 0x00000005c4a00000, 0x00000005c4c00000|  0%| F|  |TS  0|AC  0|TAMS 0x00000005c4a00000, 0x00000005c4a00000|
|  26|0x00000005c4c00000, 0x00000005c4c00000, 0x00000005c4e00000|  0%| F|  |TS  0|AC  0|TAMS 0x00000005c4c00000, 0x00000005c4c00000|
|  27|0x00000005c4e00000, 0x00000005c4e00000, 0x00000005c5000000|  0%| F|  |TS  0|AC  0|TAMS 0x00000005c4e00000, 0x00000005c4e00000|
|  28|0x00000005c5000000, 0x00000005c5000000, 0x00000005c5200000|  0%| F|  |TS  0|AC  0|TAMS 0x00000005c5000000, 0x00000005c5000000|
|  29|0x00000005c5200000, 0x00000005c5200000, 0x00000005c5400000|  0%| F|  |TS  0|AC  0|TAMS 0x00000005c5200000, 0x00000005c5200000|
|  30|0x00000005c5400000, 0x00000005c5400000, 0x00000005c5600000|  0%| F|  |TS  0|AC  0|TAMS 0x00000005c5400000, 0x00000005c5400000|
|  31|0x00000005c5600000, 0x00000005c5600000, 0x00000005c5800000|  0%| F|  |TS  0|AC  0|TAMS 0x00000005c5600000, 0x00000005c5600000|
|  32|0x00000005c5800000, 0x00000005c5800000, 0x00000005c5a00000|  0%| F|  |TS  0|AC  0|TAMS 0x00000005c5800000, 0x00000005c5800000|
|  33|0x00000005c5a00000, 0x00000005c5a00000, 0x00000005c5c00000|  0%| F|  |TS  0|AC  0|TAMS 0x00000005c5a00000, 0x00000005c5a00000|
|  34|0x00000005c5c00000, 0x00000005c5c00000, 0x00000005c5e00000|  0%| F|  |TS  0|AC  0|TAMS 0x00000005c5c00000, 0x00000005c5c00000|
|  35|0x00000005c5e00000, 0x00000005c5e00000, 0x00000005c6000000|  0%| F|  |TS  0|AC  0|TAMS 0x00000005c5e00000, 0x00000005c5e00000|
|  36|0x00000005c6000000, 0x00000005c6000000, 0x00000005c6200000|  0%| F|  |TS  0|AC  0|TAMS 0x00000005c6000000, 0x00000005c6000000|
|  37|0x00000005c6200000, 0x00000005c6200000, 0x00000005c6400000|  0%| F|  |TS  0|AC  0|TAMS 0x00000005c6200000, 0x00000005c6200000|
|  38|0x00000005c6400000, 0x00000005c6400000, 0x00000005c6600000|  0%| F|  |TS  0|AC  0|TAMS 0x00000005c6400000, 0x00000005c6400000|
|  39|0x00000005c6600000, 0x00000005c6600000, 0x00000005c6800000|  0%| F|  |TS  0|AC  0|TAMS 0x00000005c6600000, 0x00000005c6600000|
|  40|0x00000005c6800000, 0x00000005c6800000, 0x00000005c6a00000|  0%| F|  |TS  0|AC  0|TAMS 0x00000005c6800000, 0x00000005c6800000|
|  41|0x00000005c6a00000, 0x00000005c6a00000, 0x00000005c6c00000|  0%| F|  |TS  0|AC  0|TAMS 0x00000005c6a00000, 0x00000005c6a00000|
|  42|0x00000005c6c00000, 0x00000005c6c00000, 0x00000005c6e00000|  0%| F|  |TS  0|AC  0|TAMS 0x00000005c6c00000, 0x00000005c6c00000|
|  43|0x00000005c6e00000, 0x00000005c6e00000, 0x00000005c7000000|  0%| F|  |TS  0|AC  0|TAMS 0x00000005c6e00000, 0x00000005c6e00000|
|  44|0x00000005c7000000, 0x00000005c7000000, 0x00000005c7200000|  0%| F|  |TS  0|AC  0|TAMS 0x00000005c7000000, 0x00000005c7000000|
|  45|0x00000005c7200000, 0x00000005c7200000, 0x00000005c7400000|  0%| F|  |TS  0|AC  0|TAMS 0x00000005c7200000, 0x00000005c7200000|
|  46|0x00000005c7400000, 0x00000005c7400000, 0x00000005c7600000|  0%| F|  |TS  0|AC  0|TAMS 0x00000005c7400000, 0x00000005c7400000|
|  47|0x00000005c7600000, 0x00000005c7600000, 0x00000005c7800000|  0%| F|  |TS  0|AC  0|TAMS 0x00000005c7600000, 0x00000005c7600000|
|  48|0x00000005c7800000, 0x00000005c7800000, 0x00000005c7a00000|  0%| F|  |TS  0|AC  0|TAMS 0x00000005c7800000, 0x00000005c7800000|
|  49|0x00000005c7a00000, 0x00000005c7a00000, 0x00000005c7c00000|  0%| F|  |TS  0|AC  0|TAMS 0x00000005c7a00000, 0x00000005c7a00000|
|  50|0x00000005c7c00000, 0x00000005c7c00000, 0x00000005c7e00000|  0%| F|  |TS  0|AC  0|TAMS 0x00000005c7c00000, 0x00000005c7c00000|
|  51|0x00000005c7e00000, 0x00000005c7e00000, 0x00000005c8000000|  0%| F|  |TS  0|AC  0|TAMS 0x00000005c7e00000, 0x00000005c7e00000|
|  52|0x00000005c8000000, 0x00000005c8000000, 0x00000005c8200000|  0%| F|  |TS  0|AC  0|TAMS 0x00000005c8000000, 0x00000005c8000000|
|  53|0x00000005c8200000, 0x00000005c8200000, 0x00000005c8400000|  0%| F|  |TS  0|AC  0|TAMS 0x00000005c8200000, 0x00000005c8200000|
|  54|0x00000005c8400000, 0x00000005c8400000, 0x00000005c8600000|  0%| F|  |TS  0|AC  0|TAMS 0x00000005c8400000, 0x00000005c8400000|
|  55|0x00000005c8600000, 0x00000005c8600000, 0x00000005c8800000|  0%| F|  |TS  0|AC  0|TAMS 0x00000005c8600000, 0x00000005c8600000|
|  56|0x00000005c8800000, 0x00000005c8800000, 0x00000005c8a00000|  0%| F|  |TS  0|AC  0|TAMS 0x00000005c8800000, 0x00000005c8800000|
|  57|0x00000005c8a00000, 0x00000005c8a00000, 0x00000005c8c00000|  0%| F|  |TS  0|AC  0|TAMS 0x00000005c8a00000, 0x00000005c8a00000|
|  58|0x00000005c8c00000, 0x00000005c8c00000, 0x00000005c8e00000|  0%| F|  |TS  0|AC  0|TAMS 0x00000005c8c00000, 0x00000005c8c00000|
|  59|0x00000005c8e00000, 0x00000005c8e00000, 0x00000005c9000000|  0%| F|  |TS  0|AC  0|TAMS 0x00000005c8e00000, 0x00000005c8e00000|
|  60|0x00000005c9000000, 0x00000005c9000000, 0x00000005c9200000|  0%| F|  |TS  0|AC  0|TAMS 0x00000005c9000000, 0x00000005c9000000|
|  61|0x00000005c9200000, 0x00000005c9200000, 0x00000005c9400000|  0%| F|  |TS  0|AC  0|TAMS 0x00000005c9200000, 0x00000005c9200000|
|  62|0x00000005c9400000, 0x00000005c9400000, 0x00000005c9600000|  0%| F|  |TS  0|AC  0|TAMS 0x00000005c9400000, 0x00000005c9400000|
|  63|0x00000005c9600000, 0x00000005c9600000, 0x00000005c9800000|  0%| F|  |TS  0|AC  0|TAMS 0x00000005c9600000, 0x00000005c9600000|
|  64|0x00000005c9800000, 0x00000005c9800000, 0x00000005c9a00000|  0%| F|  |TS  0|AC  0|TAMS 0x00000005c9800000, 0x00000005c9800000|
|  65|0x00000005c9a00000, 0x00000005c9a00000, 0x00000005c9c00000|  0%| F|  |TS  0|AC  0|TAMS 0x00000005c9a00000, 0x00000005c9a00000|
|  66|0x00000005c9c00000, 0x00000005c9c00000, 0x00000005c9e00000|  0%| F|  |TS  0|AC  0|TAMS 0x00000005c9c00000, 0x00000005c9c00000|
|  67|0x00000005c9e00000, 0x00000005c9e00000, 0x00000005ca000000|  0%| F|  |TS  0|AC  0|TAMS 0x00000005c9e00000, 0x00000005c9e00000|
|  68|0x00000005ca000000, 0x00000005ca000000, 0x00000005ca200000|  0%| F|  |TS  0|AC  0|TAMS 0x00000005ca000000, 0x00000005ca000000|
|  69|0x00000005ca200000, 0x00000005ca200000, 0x00000005ca400000|  0%| F|  |TS  0|AC  0|TAMS 0x00000005ca200000, 0x00000005ca200000|
|  70|0x00000005ca400000, 0x00000005ca400000, 0x00000005ca600000|  0%| F|  |TS  0|AC  0|TAMS 0x00000005ca400000, 0x00000005ca400000|
|  71|0x00000005ca600000, 0x00000005ca600000, 0x00000005ca800000|  0%| F|  |TS  0|AC  0|TAMS 0x00000005ca600000, 0x00000005ca600000|
|  72|0x00000005ca800000, 0x00000005ca800000, 0x00000005caa00000|  0%| F|  |TS  0|AC  0|TAMS 0x00000005ca800000, 0x00000005ca800000|
|  73|0x00000005caa00000, 0x00000005caa00000, 0x00000005cac00000|  0%| F|  |TS  0|AC  0|TAMS 0x00000005caa00000, 0x00000005caa00000|
|  74|0x00000005cac00000, 0x00000005cac00000, 0x00000005cae00000|  0%| F|  |TS  0|AC  0|TAMS 0x00000005cac00000, 0x00000005cac00000|
|  75|0x00000005cae00000, 0x00000005cae00000, 0x00000005cb000000|  0%| F|  |TS  0|AC  0|TAMS 0x00000005cae00000, 0x00000005cae00000|
|  76|0x00000005cb000000, 0x00000005cb000000, 0x00000005cb200000|  0%| F|  |TS  0|AC  0|TAMS 0x00000005cb000000, 0x00000005cb000000|
|  77|0x00000005cb200000, 0x00000005cb200000, 0x00000005cb400000|  0%| F|  |TS  0|AC  0|TAMS 0x00000005cb200000, 0x00000005cb200000|
|  78|0x00000005cb400000, 0x00000005cb400000, 0x00000005cb600000|  0%| F|  |TS  0|AC  0|TAMS 0x00000005cb400000, 0x00000005cb400000|
|  79|0x00000005cb600000, 0x00000005cb600000, 0x00000005cb800000|  0%| F|  |TS  0|AC  0|TAMS 0x00000005cb600000, 0x00000005cb600000|
|  80|0x00000005cb800000, 0x00000005cb800000, 0x00000005cba00000|  0%| F|  |TS  0|AC  0|TAMS 0x00000005cb800000, 0x00000005cb800000|
|  81|0x00000005cba00000, 0x00000005cba00000, 0x00000005cbc00000|  0%| F|  |TS  0|AC  0|TAMS 0x00000005cba00000, 0x00000005cba00000|
|  82|0x00000005cbc00000, 0x00000005cbc00000, 0x00000005cbe00000|  0%| F|  |TS  0|AC  0|TAMS 0x00000005cbc00000, 0x00000005cbc00000|
|  83|0x00000005cbe00000, 0x00000005cbe00000, 0x00000005cc000000|  0%| F|  |TS  0|AC  0|TAMS 0x00000005cbe00000, 0x00000005cbe00000|
|  84|0x00000005cc000000, 0x00000005cc000000, 0x00000005cc200000|  0%| F|  |TS  0|AC  0|TAMS 0x00000005cc000000, 0x00000005cc000000|
|  85|0x00000005cc200000, 0x00000005cc200000, 0x00000005cc400000|  0%| F|  |TS  0|AC  0|TAMS 0x00000005cc200000, 0x00000005cc200000|
|  86|0x00000005cc400000, 0x00000005cc400000, 0x00000005cc600000|  0%| F|  |TS  0|AC  0|TAMS 0x00000005cc400000, 0x00000005cc400000|
|  87|0x00000005cc600000, 0x00000005cc600000, 0x00000005cc800000|  0%| F|  |TS  0|AC  0|TAMS 0x00000005cc600000, 0x00000005cc600000|
|  88|0x00000005cc800000, 0x00000005cc800000, 0x00000005cca00000|  0%| F|  |TS  0|AC  0|TAMS 0x00000005cc800000, 0x00000005cc800000|
|  89|0x00000005cca00000, 0x00000005cca00000, 0x00000005ccc00000|  0%| F|  |TS  0|AC  0|TAMS 0x00000005cca00000, 0x00000005cca00000|
|  90|0x00000005ccc00000, 0x00000005ccc00000, 0x00000005cce00000|  0%| F|  |TS  0|AC  0|TAMS 0x00000005ccc00000, 0x00000005ccc00000|
|  91|0x00000005cce00000, 0x00000005cce00000, 0x00000005cd000000|  0%| F|  |TS  0|AC  0|TAMS 0x00000005cce00000, 0x00000005cce00000|
|  92|0x00000005cd000000, 0x00000005cd000000, 0x00000005cd200000|  0%| F|  |TS  0|AC  0|TAMS 0x00000005cd000000, 0x00000005cd000000|
|  93|0x00000005cd200000, 0x00000005cd200000, 0x00000005cd400000|  0%| F|  |TS  0|AC  0|TAMS 0x00000005cd200000, 0x00000005cd200000|
|  94|0x00000005cd400000, 0x00000005cd400000, 0x00000005cd600000|  0%| F|  |TS  0|AC  0|TAMS 0x00000005cd400000, 0x00000005cd400000|
|  95|0x00000005cd600000, 0x00000005cd600000, 0x00000005cd800000|  0%| F|  |TS  0|AC  0|TAMS 0x00000005cd600000, 0x00000005cd600000|
|  96|0x00000005cd800000, 0x00000005cd800000, 0x00000005cda00000|  0%| F|  |TS  0|AC  0|TAMS 0x00000005cd800000, 0x00000005cd800000|
|  97|0x00000005cda00000, 0x00000005cda00000, 0x00000005cdc00000|  0%| F|  |TS  0|AC  0|TAMS 0x00000005cda00000, 0x00000005cda00000|
|  98|0x00000005cdc00000, 0x00000005cdc00000, 0x00000005cde00000|  0%| F|  |TS  0|AC  0|TAMS 0x00000005cdc00000, 0x00000005cdc00000|
|  99|0x00000005cde00000, 0x00000005cde00000, 0x00000005ce000000|  0%| F|  |TS  0|AC  0|TAMS 0x00000005cde00000, 0x00000005cde00000|
| 100|0x00000005ce000000, 0x00000005ce000000, 0x00000005ce200000|  0%| F|  |TS  0|AC  0|TAMS 0x00000005ce000000, 0x00000005ce000000|
| 101|0x00000005ce200000, 0x00000005ce200000, 0x00000005ce400000|  0%| F|  |TS  0|AC  0|TAMS 0x00000005ce200000, 0x00000005ce200000|
| 102|0x00000005ce400000, 0x00000005ce400000, 0x00000005ce600000|  0%| F|  |TS  0|AC  0|TAMS 0x00000005ce400000, 0x00000005ce400000|
| 103|0x00000005ce600000, 0x00000005ce600000, 0x00000005ce800000|  0%| F|  |TS  0|AC  0|TAMS 0x00000005ce600000, 0x00000005ce600000|
| 104|0x00000005ce800000, 0x00000005ce800000, 0x00000005cea00000|  0%| F|  |TS  0|AC  0|TAMS 0x00000005ce800000, 0x00000005ce800000|
| 105|0x00000005cea00000, 0x00000005cea00000, 0x00000005cec00000|  0%| F|  |TS  0|AC  0|TAMS 0x00000005cea00000, 0x00000005cea00000|
| 106|0x00000005cec00000, 0x00000005cec00000, 0x00000005cee00000|  0%| F|  |TS  0|AC  0|TAMS 0x00000005cec00000, 0x00000005cec00000|
| 107|0x00000005cee00000, 0x00000005cee00000, 0x00000005cf000000|  0%| F|  |TS  0|AC  0|TAMS 0x00000005cee00000, 0x00000005cee00000|
| 108|0x00000005cf000000, 0x00000005cf000000, 0x00000005cf200000|  0%| F|  |TS  0|AC  0|TAMS 0x00000005cf000000, 0x00000005cf000000|
| 109|0x00000005cf200000, 0x00000005cf200000, 0x00000005cf400000|  0%| F|  |TS  0|AC  0|TAMS 0x00000005cf200000, 0x00000005cf200000|
| 110|0x00000005cf400000, 0x00000005cf400000, 0x00000005cf600000|  0%| F|  |TS  0|AC  0|TAMS 0x00000005cf400000, 0x00000005cf400000|
| 111|0x00000005cf600000, 0x00000005cf600000, 0x00000005cf800000|  0%| F|  |TS  0|AC  0|TAMS 0x00000005cf600000, 0x00000005cf600000|
| 112|0x00000005cf800000, 0x00000005cf800000, 0x00000005cfa00000|  0%| F|  |TS  0|AC  0|TAMS 0x00000005cf800000, 0x00000005cf800000|
| 113|0x00000005cfa00000, 0x00000005cfc00000, 0x00000005cfc00000|100%| E|  |TS  0|AC  0|TAMS 0x00000005cfa00000, 0x00000005cfa00000|
| 114|0x00000005cfc00000, 0x00000005cfe00000, 0x00000005cfe00000|100%| E|CS|TS  0|AC  0|TAMS 0x00000005cfc00000, 0x00000005cfc00000|
| 115|0x00000005cfe00000, 0x00000005d0000000, 0x00000005d0000000|100%| E|CS|TS  0|AC  0|TAMS 0x00000005cfe00000, 0x00000005cfe00000|
| 116|0x00000005d0000000, 0x00000005d0200000, 0x00000005d0200000|100%| E|CS|TS  0|AC  0|TAMS 0x00000005d0000000, 0x00000005d0000000|
| 117|0x00000005d0200000, 0x00000005d0400000, 0x00000005d0400000|100%| E|CS|TS  0|AC  0|TAMS 0x00000005d0200000, 0x00000005d0200000|
| 118|0x00000005d0400000, 0x00000005d0600000, 0x00000005d0600000|100%| E|CS|TS  0|AC  0|TAMS 0x00000005d0400000, 0x00000005d0400000|
| 119|0x00000005d0600000, 0x00000005d0800000, 0x00000005d0800000|100%| E|CS|TS  0|AC  0|TAMS 0x00000005d0600000, 0x00000005d0600000|
| 120|0x00000005d0800000, 0x00000005d0a00000, 0x00000005d0a00000|100%| E|CS|TS  0|AC  0|TAMS 0x00000005d0800000, 0x00000005d0800000|
| 121|0x00000005d0a00000, 0x00000005d0c00000, 0x00000005d0c00000|100%| E|CS|TS  0|AC  0|TAMS 0x00000005d0a00000, 0x00000005d0a00000|
| 122|0x00000005d0c00000, 0x00000005d0e00000, 0x00000005d0e00000|100%| E|CS|TS  0|AC  0|TAMS 0x00000005d0c00000, 0x00000005d0c00000|
| 123|0x00000005d0e00000, 0x00000005d1000000, 0x00000005d1000000|100%| E|CS|TS  0|AC  0|TAMS 0x00000005d0e00000, 0x00000005d0e00000|
| 124|0x00000005d1000000, 0x00000005d1200000, 0x00000005d1200000|100%| E|CS|TS  0|AC  0|TAMS 0x00000005d1000000, 0x00000005d1000000|
| 125|0x00000005d1200000, 0x00000005d1400000, 0x00000005d1400000|100%| E|CS|TS  0|AC  0|TAMS 0x00000005d1200000, 0x00000005d1200000|
| 126|0x00000005d1400000, 0x00000005d1600000, 0x00000005d1600000|100%| E|CS|TS  0|AC  0|TAMS 0x00000005d1400000, 0x00000005d1400000|
| 127|0x00000005d1600000, 0x00000005d1800000, 0x00000005d1800000|100%| E|CS|TS  0|AC  0|TAMS 0x00000005d1600000, 0x00000005d1600000|
| 128|0x00000005d1800000, 0x00000005d1a00000, 0x00000005d1a00000|100%| E|CS|TS  0|AC  0|TAMS 0x00000005d1800000, 0x00000005d1800000|
| 129|0x00000005d1a00000, 0x00000005d1c00000, 0x00000005d1c00000|100%| E|CS|TS  0|AC  0|TAMS 0x00000005d1a00000, 0x00000005d1a00000|
| 130|0x00000005d1c00000, 0x00000005d1e00000, 0x00000005d1e00000|100%| E|CS|TS  0|AC  0|TAMS 0x00000005d1c00000, 0x00000005d1c00000|
| 131|0x00000005d1e00000, 0x00000005d2000000, 0x00000005d2000000|100%| E|CS|TS  0|AC  0|TAMS 0x00000005d1e00000, 0x00000005d1e00000|
| 132|0x00000005d2000000, 0x00000005d2200000, 0x00000005d2200000|100%| E|CS|TS  0|AC  0|TAMS 0x00000005d2000000, 0x00000005d2000000|
| 133|0x00000005d2200000, 0x00000005d2400000, 0x00000005d2400000|100%| E|CS|TS  0|AC  0|TAMS 0x00000005d2200000, 0x00000005d2200000|
| 134|0x00000005d2400000, 0x00000005d2600000, 0x00000005d2600000|100%| E|CS|TS  0|AC  0|TAMS 0x00000005d2400000, 0x00000005d2400000|
| 135|0x00000005d2600000, 0x00000005d2800000, 0x00000005d2800000|100%| E|CS|TS  0|AC  0|TAMS 0x00000005d2600000, 0x00000005d2600000|
| 136|0x00000005d2800000, 0x00000005d2a00000, 0x00000005d2a00000|100%| E|CS|TS  0|AC  0|TAMS 0x00000005d2800000, 0x00000005d2800000|
| 137|0x00000005d2a00000, 0x00000005d2c00000, 0x00000005d2c00000|100%| E|CS|TS  0|AC  0|TAMS 0x00000005d2a00000, 0x00000005d2a00000|
| 138|0x00000005d2c00000, 0x00000005d2e00000, 0x00000005d2e00000|100%| E|CS|TS  0|AC  0|TAMS 0x00000005d2c00000, 0x00000005d2c00000|
| 139|0x00000005d2e00000, 0x00000005d3000000, 0x00000005d3000000|100%| E|CS|TS  0|AC  0|TAMS 0x00000005d2e00000, 0x00000005d2e00000|
| 140|0x00000005d3000000, 0x00000005d3200000, 0x00000005d3200000|100%| E|CS|TS  0|AC  0|TAMS 0x00000005d3000000, 0x00000005d3000000|
| 141|0x00000005d3200000, 0x00000005d3400000, 0x00000005d3400000|100%| E|CS|TS  0|AC  0|TAMS 0x00000005d3200000, 0x00000005d3200000|
| 142|0x00000005d3400000, 0x00000005d3600000, 0x00000005d3600000|100%| E|CS|TS  0|AC  0|TAMS 0x00000005d3400000, 0x00000005d3400000|
| 143|0x00000005d3600000, 0x00000005d3800000, 0x00000005d3800000|100%| E|CS|TS  0|AC  0|TAMS 0x00000005d3600000, 0x00000005d3600000|
| 144|0x00000005d3800000, 0x00000005d3a00000, 0x00000005d3a00000|100%| E|CS|TS  0|AC  0|TAMS 0x00000005d3800000, 0x00000005d3800000|
| 145|0x00000005d3a00000, 0x00000005d3c00000, 0x00000005d3c00000|100%| E|CS|TS  0|AC  0|TAMS 0x00000005d3a00000, 0x00000005d3a00000|
| 146|0x00000005d3c00000, 0x00000005d3e00000, 0x00000005d3e00000|100%| E|CS|TS  0|AC  0|TAMS 0x00000005d3c00000, 0x00000005d3c00000|
| 147|0x00000005d3e00000, 0x00000005d4000000, 0x00000005d4000000|100%| E|CS|TS  0|AC  0|TAMS 0x00000005d3e00000, 0x00000005d3e00000|
| 148|0x00000005d4000000, 0x00000005d4200000, 0x00000005d4200000|100%| E|CS|TS  0|AC  0|TAMS 0x00000005d4000000, 0x00000005d4000000|
| 149|0x00000005d4200000, 0x00000005d4400000, 0x00000005d4400000|100%| E|CS|TS  0|AC  0|TAMS 0x00000005d4200000, 0x00000005d4200000|
| 150|0x00000005d4400000, 0x00000005d4600000, 0x00000005d4600000|100%| E|CS|TS  0|AC  0|TAMS 0x00000005d4400000, 0x00000005d4400000|
| 151|0x00000005d4600000, 0x00000005d4800000, 0x00000005d4800000|100%| E|CS|TS  0|AC  0|TAMS 0x00000005d4600000, 0x00000005d4600000|
| 152|0x00000005d4800000, 0x00000005d4a00000, 0x00000005d4a00000|100%| E|CS|TS  0|AC  0|TAMS 0x00000005d4800000, 0x00000005d4800000|
| 153|0x00000005d4a00000, 0x00000005d4c00000, 0x00000005d4c00000|100%| E|CS|TS  0|AC  0|TAMS 0x00000005d4a00000, 0x00000005d4a00000|
| 154|0x00000005d4c00000, 0x00000005d4e00000, 0x00000005d4e00000|100%| E|CS|TS  0|AC  0|TAMS 0x00000005d4c00000, 0x00000005d4c00000|
| 155|0x00000005d4e00000, 0x00000005d5000000, 0x00000005d5000000|100%| E|CS|TS  0|AC  0|TAMS 0x00000005d4e00000, 0x00000005d4e00000|
| 156|0x00000005d5000000, 0x00000005d5200000, 0x00000005d5200000|100%| E|CS|TS  0|AC  0|TAMS 0x00000005d5000000, 0x00000005d5000000|
| 157|0x00000005d5200000, 0x00000005d5400000, 0x00000005d5400000|100%| E|CS|TS  0|AC  0|TAMS 0x00000005d5200000, 0x00000005d5200000|
| 158|0x00000005d5400000, 0x00000005d5600000, 0x00000005d5600000|100%| E|CS|TS  0|AC  0|TAMS 0x00000005d5400000, 0x00000005d5400000|
| 159|0x00000005d5600000, 0x00000005d5800000, 0x00000005d5800000|100%| E|CS|TS  0|AC  0|TAMS 0x00000005d5600000, 0x00000005d5600000|
| 160|0x00000005d5800000, 0x00000005d5a00000, 0x00000005d5a00000|100%| E|CS|TS  0|AC  0|TAMS 0x00000005d5800000, 0x00000005d5800000|
| 161|0x00000005d5a00000, 0x00000005d5c00000, 0x00000005d5c00000|100%| E|CS|TS  0|AC  0|TAMS 0x00000005d5a00000, 0x00000005d5a00000|
| 162|0x00000005d5c00000, 0x00000005d5e00000, 0x00000005d5e00000|100%| E|CS|TS  0|AC  0|TAMS 0x00000005d5c00000, 0x00000005d5c00000|
| 163|0x00000005d5e00000, 0x00000005d6000000, 0x00000005d6000000|100%| E|CS|TS  0|AC  0|TAMS 0x00000005d5e00000, 0x00000005d5e00000|
| 164|0x00000005d6000000, 0x00000005d6200000, 0x00000005d6200000|100%| E|CS|TS  0|AC  0|TAMS 0x00000005d6000000, 0x00000005d6000000|
| 165|0x00000005d6200000, 0x00000005d6400000, 0x00000005d6400000|100%| E|CS|TS  0|AC  0|TAMS 0x00000005d6200000, 0x00000005d6200000|
| 166|0x00000005d6400000, 0x00000005d6600000, 0x00000005d6600000|100%| E|CS|TS  0|AC  0|TAMS 0x00000005d6400000, 0x00000005d6400000|
| 167|0x00000005d6600000, 0x00000005d6800000, 0x00000005d6800000|100%| E|CS|TS  0|AC  0|TAMS 0x00000005d6600000, 0x00000005d6600000|
| 168|0x00000005d6800000, 0x00000005d6a00000, 0x00000005d6a00000|100%| E|CS|TS  0|AC  0|TAMS 0x00000005d6800000, 0x00000005d6800000|
| 169|0x00000005d6a00000, 0x00000005d6c00000, 0x00000005d6c00000|100%| E|CS|TS  0|AC  0|TAMS 0x00000005d6a00000, 0x00000005d6a00000|
| 170|0x00000005d6c00000, 0x00000005d6e00000, 0x00000005d6e00000|100%| E|CS|TS  0|AC  0|TAMS 0x00000005d6c00000, 0x00000005d6c00000|
| 171|0x00000005d6e00000, 0x00000005d7000000, 0x00000005d7000000|100%| E|CS|TS  0|AC  0|TAMS 0x00000005d6e00000, 0x00000005d6e00000|
| 172|0x00000005d7000000, 0x00000005d7200000, 0x00000005d7200000|100%| E|CS|TS  0|AC  0|TAMS 0x00000005d7000000, 0x00000005d7000000|
| 173|0x00000005d7200000, 0x00000005d7400000, 0x00000005d7400000|100%| E|CS|TS  0|AC  0|TAMS 0x00000005d7200000, 0x00000005d7200000|
| 174|0x00000005d7400000, 0x00000005d7600000, 0x00000005d7600000|100%| E|CS|TS  0|AC  0|TAMS 0x00000005d7400000, 0x00000005d7400000|
| 175|0x00000005d7600000, 0x00000005d7800000, 0x00000005d7800000|100%| E|CS|TS  0|AC  0|TAMS 0x00000005d7600000, 0x00000005d7600000|
| 176|0x00000005d7800000, 0x00000005d7a00000, 0x00000005d7a00000|100%| E|CS|TS  0|AC  0|TAMS 0x00000005d7800000, 0x00000005d7800000|
| 177|0x00000005d7a00000, 0x00000005d7c00000, 0x00000005d7c00000|100%| E|CS|TS  0|AC  0|TAMS 0x00000005d7a00000, 0x00000005d7a00000|
| 178|0x00000005d7c00000, 0x00000005d7e00000, 0x00000005d7e00000|100%| E|CS|TS  0|AC  0|TAMS 0x00000005d7c00000, 0x00000005d7c00000|
| 179|0x00000005d7e00000, 0x00000005d8000000, 0x00000005d8000000|100%| E|CS|TS  0|AC  0|TAMS 0x00000005d7e00000, 0x00000005d7e00000|
| 180|0x00000005d8000000, 0x00000005d8200000, 0x00000005d8200000|100%| E|CS|TS  0|AC  0|TAMS 0x00000005d8000000, 0x00000005d8000000|
| 181|0x00000005d8200000, 0x00000005d8400000, 0x00000005d8400000|100%| E|CS|TS  0|AC  0|TAMS 0x00000005d8200000, 0x00000005d8200000|
| 182|0x00000005d8400000, 0x00000005d8600000, 0x00000005d8600000|100%| E|CS|TS  0|AC  0|TAMS 0x00000005d8400000, 0x00000005d8400000|
| 183|0x00000005d8600000, 0x00000005d8800000, 0x00000005d8800000|100%| E|CS|TS  0|AC  0|TAMS 0x00000005d8600000, 0x00000005d8600000|
| 184|0x00000005d8800000, 0x00000005d8a00000, 0x00000005d8a00000|100%| E|CS|TS  0|AC  0|TAMS 0x00000005d8800000, 0x00000005d8800000|
| 185|0x00000005d8a00000, 0x00000005d8c00000, 0x00000005d8c00000|100%| E|CS|TS  0|AC  0|TAMS 0x00000005d8a00000, 0x00000005d8a00000|
| 186|0x00000005d8c00000, 0x00000005d8e00000, 0x00000005d8e00000|100%| E|CS|TS  0|AC  0|TAMS 0x00000005d8c00000, 0x00000005d8c00000|
| 187|0x00000005d8e00000, 0x00000005d9000000, 0x00000005d9000000|100%| E|CS|TS  0|AC  0|TAMS 0x00000005d8e00000, 0x00000005d8e00000|
| 188|0x00000005d9000000, 0x00000005d9200000, 0x00000005d9200000|100%| E|CS|TS  0|AC  0|TAMS 0x00000005d9000000, 0x00000005d9000000|
| 189|0x00000005d9200000, 0x00000005d9400000, 0x00000005d9400000|100%| E|CS|TS  0|AC  0|TAMS 0x00000005d9200000, 0x00000005d9200000|
| 190|0x00000005d9400000, 0x00000005d9600000, 0x00000005d9600000|100%| E|CS|TS  0|AC  0|TAMS 0x00000005d9400000, 0x00000005d9400000|
| 191|0x00000005d9600000, 0x00000005d9800000, 0x00000005d9800000|100%| E|CS|TS  0|AC  0|TAMS 0x00000005d9600000, 0x00000005d9600000|
| 192|0x00000005d9800000, 0x00000005d9a00000, 0x00000005d9a00000|100%| E|CS|TS  0|AC  0|TAMS 0x00000005d9800000, 0x00000005d9800000|
| 193|0x00000005d9a00000, 0x00000005d9c00000, 0x00000005d9c00000|100%| E|CS|TS  0|AC  0|TAMS 0x00000005d9a00000, 0x00000005d9a00000|
| 194|0x00000005d9c00000, 0x00000005d9e00000, 0x00000005d9e00000|100%| E|CS|TS  0|AC  0|TAMS 0x00000005d9c00000, 0x00000005d9c00000|
| 195|0x00000005d9e00000, 0x00000005da000000, 0x00000005da000000|100%| E|CS|TS  0|AC  0|TAMS 0x00000005d9e00000, 0x00000005d9e00000|
| 196|0x00000005da000000, 0x00000005da200000, 0x00000005da200000|100%| E|CS|TS  0|AC  0|TAMS 0x00000005da000000, 0x00000005da000000|
| 197|0x00000005da200000, 0x00000005da400000, 0x00000005da400000|100%| E|CS|TS  0|AC  0|TAMS 0x00000005da200000, 0x00000005da200000|
| 198|0x00000005da400000, 0x00000005da600000, 0x00000005da600000|100%| E|CS|TS  0|AC  0|TAMS 0x00000005da400000, 0x00000005da400000|
| 199|0x00000005da600000, 0x00000005da800000, 0x00000005da800000|100%| E|CS|TS  0|AC  0|TAMS 0x00000005da600000, 0x00000005da600000|
| 200|0x00000005da800000, 0x00000005daa00000, 0x00000005daa00000|100%| E|CS|TS  0|AC  0|TAMS 0x00000005da800000, 0x00000005da800000|
| 201|0x00000005daa00000, 0x00000005dac00000, 0x00000005dac00000|100%| E|CS|TS  0|AC  0|TAMS 0x00000005daa00000, 0x00000005daa00000|
| 202|0x00000005dac00000, 0x00000005dae00000, 0x00000005dae00000|100%| E|CS|TS  0|AC  0|TAMS 0x00000005dac00000, 0x00000005dac00000|
| 203|0x00000005dae00000, 0x00000005db000000, 0x00000005db000000|100%| E|CS|TS  0|AC  0|TAMS 0x00000005dae00000, 0x00000005dae00000|
| 204|0x00000005db000000, 0x00000005db200000, 0x00000005db200000|100%| E|CS|TS  0|AC  0|TAMS 0x00000005db000000, 0x00000005db000000|
| 205|0x00000005db200000, 0x00000005db400000, 0x00000005db400000|100%| E|CS|TS  0|AC  0|TAMS 0x00000005db200000, 0x00000005db200000|
| 206|0x00000005db400000, 0x00000005db600000, 0x00000005db600000|100%| E|CS|TS  0|AC  0|TAMS 0x00000005db400000, 0x00000005db400000|
| 207|0x00000005db600000, 0x00000005db800000, 0x00000005db800000|100%| E|CS|TS  0|AC  0|TAMS 0x00000005db600000, 0x00000005db600000|
| 208|0x00000005db800000, 0x00000005dba00000, 0x00000005dba00000|100%| E|CS|TS  0|AC  0|TAMS 0x00000005db800000, 0x00000005db800000|
| 209|0x00000005dba00000, 0x00000005dbc00000, 0x00000005dbc00000|100%| E|CS|TS  0|AC  0|TAMS 0x00000005dba00000, 0x00000005dba00000|
| 210|0x00000005dbc00000, 0x00000005dbe00000, 0x00000005dbe00000|100%| E|CS|TS  0|AC  0|TAMS 0x00000005dbc00000, 0x00000005dbc00000|
| 211|0x00000005dbe00000, 0x00000005dc000000, 0x00000005dc000000|100%| E|CS|TS  0|AC  0|TAMS 0x00000005dbe00000, 0x00000005dbe00000|
| 212|0x00000005dc000000, 0x00000005dc200000, 0x00000005dc200000|100%| E|CS|TS  0|AC  0|TAMS 0x00000005dc000000, 0x00000005dc000000|
| 213|0x00000005dc200000, 0x00000005dc400000, 0x00000005dc400000|100%| E|CS|TS  0|AC  0|TAMS 0x00000005dc200000, 0x00000005dc200000|
| 214|0x00000005dc400000, 0x00000005dc600000, 0x00000005dc600000|100%| E|CS|TS  0|AC  0|TAMS 0x00000005dc400000, 0x00000005dc400000|
| 215|0x00000005dc600000, 0x00000005dc800000, 0x00000005dc800000|100%| E|CS|TS  0|AC  0|TAMS 0x00000005dc600000, 0x00000005dc600000|
| 216|0x00000005dc800000, 0x00000005dca00000, 0x00000005dca00000|100%| E|CS|TS  0|AC  0|TAMS 0x00000005dc800000, 0x00000005dc800000|
| 217|0x00000005dca00000, 0x00000005dcc00000, 0x00000005dcc00000|100%| E|CS|TS  0|AC  0|TAMS 0x00000005dca00000, 0x00000005dca00000|
| 218|0x00000005dcc00000, 0x00000005dce00000, 0x00000005dce00000|100%| E|CS|TS  0|AC  0|TAMS 0x00000005dcc00000, 0x00000005dcc00000|
| 219|0x00000005dce00000, 0x00000005dd000000, 0x00000005dd000000|100%| E|CS|TS  0|AC  0|TAMS 0x00000005dce00000, 0x00000005dce00000|
| 220|0x00000005dd000000, 0x00000005dd200000, 0x00000005dd200000|100%| E|CS|TS  0|AC  0|TAMS 0x00000005dd000000, 0x00000005dd000000|
| 221|0x00000005dd200000, 0x00000005dd400000, 0x00000005dd400000|100%| E|CS|TS  0|AC  0|TAMS 0x00000005dd200000, 0x00000005dd200000|
| 222|0x00000005dd400000, 0x00000005dd600000, 0x00000005dd600000|100%| E|CS|TS  0|AC  0|TAMS 0x00000005dd400000, 0x00000005dd400000|
| 223|0x00000005dd600000, 0x00000005dd800000, 0x00000005dd800000|100%| E|CS|TS  0|AC  0|TAMS 0x00000005dd600000, 0x00000005dd600000|
| 224|0x00000005dd800000, 0x00000005dda00000, 0x00000005dda00000|100%| E|CS|TS  0|AC  0|TAMS 0x00000005dd800000, 0x00000005dd800000|
| 225|0x00000005dda00000, 0x00000005ddc00000, 0x00000005ddc00000|100%| E|CS|TS  0|AC  0|TAMS 0x00000005dda00000, 0x00000005dda00000|
| 226|0x00000005ddc00000, 0x00000005dde00000, 0x00000005dde00000|100%| E|CS|TS  0|AC  0|TAMS 0x00000005ddc00000, 0x00000005ddc00000|
| 227|0x00000005dde00000, 0x00000005de000000, 0x00000005de000000|100%| E|CS|TS  0|AC  0|TAMS 0x00000005dde00000, 0x00000005dde00000|
| 228|0x00000005de000000, 0x00000005de200000, 0x00000005de200000|100%| E|CS|TS  0|AC  0|TAMS 0x00000005de000000, 0x00000005de000000|
| 229|0x00000005de200000, 0x00000005de400000, 0x00000005de400000|100%| E|CS|TS  0|AC  0|TAMS 0x00000005de200000, 0x00000005de200000|
| 230|0x00000005de400000, 0x00000005de4ee620, 0x00000005de600000| 46%| S|CS|TS  0|AC  0|TAMS 0x00000005de400000, 0x00000005de400000|
| 231|0x00000005de600000, 0x00000005de800000, 0x00000005de800000|100%| S|CS|TS  0|AC  0|TAMS 0x00000005de600000, 0x00000005de600000|
| 232|0x00000005de800000, 0x00000005dea00000, 0x00000005dea00000|100%| S|CS|TS  0|AC  0|TAMS 0x00000005de800000, 0x00000005de800000|
| 233|0x00000005dea00000, 0x00000005dec00000, 0x00000005dec00000|100%| E|CS|TS  0|AC  0|TAMS 0x00000005dea00000, 0x00000005dea00000|
| 234|0x00000005dec00000, 0x00000005dee00000, 0x00000005dee00000|100%| E|CS|TS  0|AC  0|TAMS 0x00000005dec00000, 0x00000005dec00000|
| 235|0x00000005dee00000, 0x00000005df000000, 0x00000005df000000|100%| E|CS|TS  0|AC  0|TAMS 0x00000005dee00000, 0x00000005dee00000|
| 236|0x00000005df000000, 0x00000005df200000, 0x00000005df200000|100%| E|CS|TS  0|AC  0|TAMS 0x00000005df000000, 0x00000005df000000|
| 237|0x00000005df200000, 0x00000005df400000, 0x00000005df400000|100%| E|CS|TS  0|AC  0|TAMS 0x00000005df200000, 0x00000005df200000|
| 238|0x00000005df400000, 0x00000005df600000, 0x00000005df600000|100%| E|CS|TS  0|AC  0|TAMS 0x00000005df400000, 0x00000005df400000|
| 239|0x00000005df600000, 0x00000005df800000, 0x00000005df800000|100%| E|CS|TS  0|AC  0|TAMS 0x00000005df600000, 0x00000005df600000|
| 240|0x00000005df800000, 0x00000005dfa00000, 0x00000005dfa00000|100%| E|CS|TS  0|AC  0|TAMS 0x00000005df800000, 0x00000005df800000|
| 241|0x00000005dfa00000, 0x00000005dfc00000, 0x00000005dfc00000|100%| E|CS|TS  0|AC  0|TAMS 0x00000005dfa00000, 0x00000005dfa00000|
| 242|0x00000005dfc00000, 0x00000005dfe00000, 0x00000005dfe00000|100%| E|CS|TS  0|AC  0|TAMS 0x00000005dfc00000, 0x00000005dfc00000|
| 243|0x00000005dfe00000, 0x00000005e0000000, 0x00000005e0000000|100%| E|CS|TS  0|AC  0|TAMS 0x00000005dfe00000, 0x00000005dfe00000|
| 244|0x00000005e0000000, 0x00000005e0200000, 0x00000005e0200000|100%| E|CS|TS  0|AC  0|TAMS 0x00000005e0000000, 0x00000005e0000000|
| 245|0x00000005e0200000, 0x00000005e0400000, 0x00000005e0400000|100%| E|CS|TS  0|AC  0|TAMS 0x00000005e0200000, 0x00000005e0200000|
| 246|0x00000005e0400000, 0x00000005e0600000, 0x00000005e0600000|100%| E|CS|TS  0|AC  0|TAMS 0x00000005e0400000, 0x00000005e0400000|
| 247|0x00000005e0600000, 0x00000005e0800000, 0x00000005e0800000|100%| E|CS|TS  0|AC  0|TAMS 0x00000005e0600000, 0x00000005e0600000|
| 248|0x00000005e0800000, 0x00000005e0a00000, 0x00000005e0a00000|100%| E|CS|TS  0|AC  0|TAMS 0x00000005e0800000, 0x00000005e0800000|
| 249|0x00000005e0a00000, 0x00000005e0c00000, 0x00000005e0c00000|100%| E|CS|TS  0|AC  0|TAMS 0x00000005e0a00000, 0x00000005e0a00000|
| 250|0x00000005e0c00000, 0x00000005e0e00000, 0x00000005e0e00000|100%| E|CS|TS  0|AC  0|TAMS 0x00000005e0c00000, 0x00000005e0c00000|
| 251|0x00000005e0e00000, 0x00000005e1000000, 0x00000005e1000000|100%| E|CS|TS  0|AC  0|TAMS 0x00000005e0e00000, 0x00000005e0e00000|
| 252|0x00000005e1000000, 0x00000005e1200000, 0x00000005e1200000|100%| E|CS|TS  0|AC  0|TAMS 0x00000005e1000000, 0x00000005e1000000|
| 253|0x00000005e1200000, 0x00000005e1400000, 0x00000005e1400000|100%| E|CS|TS  0|AC  0|TAMS 0x00000005e1200000, 0x00000005e1200000|
| 254|0x00000005e1400000, 0x00000005e1600000, 0x00000005e1600000|100%| E|CS|TS  0|AC  0|TAMS 0x00000005e1400000, 0x00000005e1400000|
| 255|0x00000005e1600000, 0x00000005e1800000, 0x00000005e1800000|100%| E|CS|TS  0|AC  0|TAMS 0x00000005e1600000, 0x00000005e1600000|

Card table byte_map: [0x000001a135ff0000,0x000001a136ff0000] byte_map_base: 0x000001a1331e4000

Marking Bits (Prev, Next): (CMBitMap*) 0x000001a119dc9c40, (CMBitMap*) 0x000001a119dc9c78
 Prev Bits: [0x000001a137ff0000, 0x000001a13ff90000)
 Next Bits: [0x000001a13ff90000, 0x000001a147f30000)

Polling page: 0x000001a118350000

CodeHeap 'non-profiled nmethods': size=120000Kb used=5250Kb max_used=5250Kb free=114749Kb
 bounds [0x000001a12d350000, 0x000001a12d880000, 0x000001a134880000]
CodeHeap 'profiled nmethods': size=120000Kb used=19146Kb max_used=19146Kb free=100853Kb
 bounds [0x000001a125e20000, 0x000001a1270e0000, 0x000001a12d350000]
CodeHeap 'non-nmethods': size=5760Kb used=1195Kb max_used=1282Kb free=4564Kb
 bounds [0x000001a125880000, 0x000001a125af0000, 0x000001a125e20000]
 total_blobs=10612 nmethods=7576 adapters=460
 compilation: enabled

Compilation events (10 events):
Event: 183.386 Thread 0x000001a14aef0000 7925       2       org.zeroturnaround.bundled.javassist.compiler.ast.ASTList::getLeft (9 bytes)
Event: 183.387 Thread 0x000001a14aef0000 nmethod 7925 0x000001a1270d2b90 code [0x000001a1270d2d40, 0x000001a1270d2e98]
Event: 183.387 Thread 0x000001a14aef0000 7924       2       com.zeroturnaround.jrebelbase.facade.g::a (5 bytes)
Event: 183.387 Thread 0x000001a14aef0000 nmethod 7924 0x000001a1270d2f10 code [0x000001a1270d30c0, 0x000001a1270d3238]
Event: 183.387 Thread 0x000001a14aef0000 7918       2       org.zeroturnaround.bundled.javassist.CtMember$Cache::_jr$ig$consTail (8 bytes)
Event: 183.387 Thread 0x000001a14aef0000 nmethod 7918 0x000001a1270d3310 code [0x000001a1270d34c0, 0x000001a1270d3638]
Event: 183.387 Thread 0x000001a14aef0000 7922       2       org.zeroturnaround.bundled.javassist.CtMethod::<init> (12 bytes)
Event: 183.387 Thread 0x000001a14aef0000 nmethod 7922 0x000001a1270d3710 code [0x000001a1270d38c0, 0x000001a1270d3b58]
Event: 183.387 Thread 0x000001a14aef0000 7912       2       org.zeroturnaround.bundled.javassist.bytecode.MethodInfo::_jr$ip$accessFlags (9 bytes)
Event: 183.387 Thread 0x000001a14aef0000 nmethod 7912 0x000001a1270d3c10 code [0x000001a1270d3dc0, 0x000001a1270d3f38]

GC Heap History (10 events):
Event: 0.707 GC heap before
{Heap before GC invocations=1 (full 0):
 garbage-first heap   total 524288K, used 50963K [0x00000005c1800000, 0x00000007c0000000)
  region size 2048K, 23 young (47104K), 2 survivors (4096K)
 Metaspace       used 16607K, capacity 17624K, committed 17920K, reserved 1064960K
  class space    used 1700K, capacity 2034K, committed 2048K, reserved 1048576K
}
Event: 0.713 GC heap after
{Heap after GC invocations=2 (full 0):
 garbage-first heap   total 524288K, used 14946K [0x00000005c1800000, 0x00000007c0000000)
  region size 2048K, 3 young (6144K), 3 survivors (6144K)
 Metaspace       used 16607K, capacity 17624K, committed 17920K, reserved 1064960K
  class space    used 1700K, capacity 2034K, committed 2048K, reserved 1048576K
}
Event: 0.944 GC heap before
{Heap before GC invocations=2 (full 0):
 garbage-first heap   total 524288K, used 25186K [0x00000005c1800000, 0x00000007c0000000)
  region size 2048K, 9 young (18432K), 3 survivors (6144K)
 Metaspace       used 19993K, capacity 21045K, committed 21248K, reserved 1069056K
  class space    used 2092K, capacity 2439K, committed 2560K, reserved 1048576K
}
Event: 0.948 GC heap after
{Heap after GC invocations=3 (full 0):
 garbage-first heap   total 524288K, used 16412K [0x00000005c1800000, 0x00000007c0000000)
  region size 2048K, 1 young (2048K), 1 survivors (2048K)
 Metaspace       used 19993K, capacity 21045K, committed 21248K, reserved 1069056K
  class space    used 2092K, capacity 2439K, committed 2560K, reserved 1048576K
}
Event: 1.541 GC heap before
{Heap before GC invocations=4 (full 0):
 garbage-first heap   total 524288K, used 65564K [0x00000005c1800000, 0x00000007c0000000)
  region size 2048K, 25 young (51200K), 1 survivors (2048K)
 Metaspace       used 26889K, capacity 28076K, committed 28544K, reserved 1075200K
  class space    used 2957K, capacity 3332K, committed 3456K, reserved 1048576K
}
Event: 1.543 GC heap after
{Heap after GC invocations=5 (full 0):
 garbage-first heap   total 524288K, used 17350K [0x00000005c1800000, 0x00000007c0000000)
  region size 2048K, 2 young (4096K), 2 survivors (4096K)
 Metaspace       used 26889K, capacity 28076K, committed 28544K, reserved 1075200K
  class space    used 2957K, capacity 3332K, committed 3456K, reserved 1048576K
}
Event: 2.058 GC heap before
{Heap before GC invocations=5 (full 0):
 garbage-first heap   total 524288K, used 97222K [0x00000005c1800000, 0x00000007c0000000)
  region size 2048K, 41 young (83968K), 2 survivors (4096K)
 Metaspace       used 32203K, capacity 33452K, committed 33920K, reserved 1079296K
  class space    used 3523K, capacity 3875K, committed 3968K, reserved 1048576K
}
Event: 2.062 GC heap after
{Heap after GC invocations=6 (full 0):
 garbage-first heap   total 524288K, used 19303K [0x00000005c1800000, 0x00000007c0000000)
  region size 2048K, 3 young (6144K), 3 survivors (6144K)
 Metaspace       used 32203K, capacity 33452K, committed 33920K, reserved 1079296K
  class space    used 3523K, capacity 3875K, committed 3968K, reserved 1048576K
}
Event: 3.238 GC heap before
{Heap before GC invocations=6 (full 0):
 garbage-first heap   total 524288K, used 64359K [0x00000005c1800000, 0x00000007c0000000)
  region size 2048K, 26 young (53248K), 3 survivors (6144K)
 Metaspace       used 34290K, capacity 35528K, committed 35840K, reserved 1081344K
  class space    used 3736K, capacity 4136K, committed 4224K, reserved 1048576K
}
Event: 3.242 GC heap after
{Heap after GC invocations=7 (full 0):
 garbage-first heap   total 524288K, used 20184K [0x00000005c1800000, 0x00000007c0000000)
  region size 2048K, 3 young (6144K), 3 survivors (6144K)
 Metaspace       used 34290K, capacity 35528K, committed 35840K, reserved 1081344K
  class space    used 3736K, capacity 4136K, committed 4224K, reserved 1048576K
}

Deoptimization events (10 events):
Event: 88.105 Thread 0x000001a119d4f800 Uncommon trap: reason=array_check action=maybe_recompile pc=0x000001a12d7b8af4 method=com.zeroturnaround.jrebelbase.facade.a.arrayOriginalStore([Ljava/lang/Object;ILjava/lang/Object;)V @ 38 c2
Event: 136.406 Thread 0x000001a14cc1a000 Uncommon trap: reason=unstable_if action=reinterpret pc=0x000001a12d7b7c64 method=com.zeroturnaround.jrebelbase.facade.ac.getIdentityHashCode(Ljava/lang/Object;)I @ 25 c2
Event: 136.573 Thread 0x000001a14f2bf800 Uncommon trap: reason=unstable_if action=reinterpret pc=0x000001a12d7e355c method=com.zeroturnaround.jrebelbase.facade.i.getCurrentClass(Ljava/lang/Class;)Ljava/lang/Class; @ 14 c2
Event: 183.319 Thread 0x000001a119d4f800 Uncommon trap: reason=unstable_if action=reinterpret pc=0x000001a12d744bb4 method=com.zeroturnaround.javarebel.fyj.a(II[Ljava/lang/Object;I[Ljava/lang/Object;)V @ 720 c2
Event: 183.331 Thread 0x000001a119d4f800 Uncommon trap: reason=class_check action=maybe_recompile pc=0x000001a12d8518a4 method=java.lang.reflect.Array.newInstance(Ljava/lang/Class;I)Ljava/lang/Object; @ 2 c2
Event: 183.331 Thread 0x000001a119d4f800 Uncommon trap: reason=class_check action=maybe_recompile pc=0x000001a12d8518a4 method=java.lang.reflect.Array.newInstance(Ljava/lang/Class;I)Ljava/lang/Object; @ 2 c2
Event: 183.331 Thread 0x000001a119d4f800 Uncommon trap: reason=class_check action=maybe_recompile pc=0x000001a12d8518a4 method=java.lang.reflect.Array.newInstance(Ljava/lang/Class;I)Ljava/lang/Object; @ 2 c2
Event: 183.331 Thread 0x000001a119d4f800 Uncommon trap: reason=class_check action=maybe_recompile pc=0x000001a12d8518a4 method=java.lang.reflect.Array.newInstance(Ljava/lang/Class;I)Ljava/lang/Object; @ 2 c2
Event: 183.331 Thread 0x000001a119d4f800 Uncommon trap: reason=class_check action=maybe_recompile pc=0x000001a12d78b7c4 method=java.lang.reflect.Array.newInstance(Ljava/lang/Class;I)Ljava/lang/Object; @ 2 c2
Event: 183.331 Thread 0x000001a119d4f800 Uncommon trap: reason=class_check action=maybe_recompile pc=0x000001a12d794164 method=java.lang.reflect.Array.newInstance(Ljava/lang/Class;I)Ljava/lang/Object; @ 2 c2

Classes redefined (10 events):
Event: 84.562 Thread 0x000001a14ae3c800 redefined class name=com.zeroturnaround.jrebelbase.facade.au, count=2
Event: 84.644 Thread 0x000001a14ae3c800 redefined class name=com.zeroturnaround.jrebelbase.facade.ao, count=2
Event: 84.734 Thread 0x000001a14ae3c800 redefined class name=com.zeroturnaround.jrebelbase.facade.a, count=2
Event: 84.791 Thread 0x000001a14ae3c800 redefined class name=com.zeroturnaround.jrebelbase.h, count=2
Event: 84.856 Thread 0x000001a14ae3c800 redefined class name=com.zeroturnaround.jrebelbase.facade.h, count=2
Event: 84.925 Thread 0x000001a14ae3c800 redefined class name=com.zeroturnaround.jrebelbase.facade.g, count=2
Event: 84.968 Thread 0x000001a14ae3c800 redefined class name=com.zeroturnaround.jrebelbase.facade.i, count=2
Event: 85.037 Thread 0x000001a14ae3c800 redefined class name=java.lang.Runnable, count=1
Event: 85.127 Thread 0x000001a14ae3c800 redefined class name=java.lang.Thread, count=3
Event: 85.163 Thread 0x000001a14ae3c800 redefined class name=net.cec.controller.GroupVideoWatcher, count=3

Internal exceptions (10 events):
Event: 174.635 Thread 0x000001a119d4f800 Exception <a 'java/net/SocketTimeoutException'{0x00000005d0125688}: Read timed out> (0x00000005d0125688) thrown at [t:/workspace/open/src/hotspot/share/prims/jni.cpp, line 632]
Event: 175.150 Thread 0x000001a119d4f800 Exception <a 'java/net/SocketTimeoutException'{0x00000005d0132220}: Read timed out> (0x00000005d0132220) thrown at [t:/workspace/open/src/hotspot/share/prims/jni.cpp, line 632]
Event: 175.665 Thread 0x000001a119d4f800 Exception <a 'java/net/SocketTimeoutException'{0x00000005d013edb8}: Read timed out> (0x00000005d013edb8) thrown at [t:/workspace/open/src/hotspot/share/prims/jni.cpp, line 632]
Event: 176.183 Thread 0x000001a119d4f800 Exception <a 'java/net/SocketTimeoutException'{0x00000005d014b950}: Read timed out> (0x00000005d014b950) thrown at [t:/workspace/open/src/hotspot/share/prims/jni.cpp, line 632]
Event: 176.698 Thread 0x000001a119d4f800 Exception <a 'java/net/SocketTimeoutException'{0x00000005d01584e8}: Read timed out> (0x00000005d01584e8) thrown at [t:/workspace/open/src/hotspot/share/prims/jni.cpp, line 632]
Event: 177.217 Thread 0x000001a119d4f800 Exception <a 'java/net/SocketTimeoutException'{0x00000005d0165080}: Read timed out> (0x00000005d0165080) thrown at [t:/workspace/open/src/hotspot/share/prims/jni.cpp, line 632]
Event: 177.735 Thread 0x000001a119d4f800 Exception <a 'java/net/SocketTimeoutException'{0x00000005d0171e70}: Read timed out> (0x00000005d0171e70) thrown at [t:/workspace/open/src/hotspot/share/prims/jni.cpp, line 632]
Event: 178.250 Thread 0x000001a119d4f800 Exception <a 'java/net/SocketTimeoutException'{0x00000005d017ea08}: Read timed out> (0x00000005d017ea08) thrown at [t:/workspace/open/src/hotspot/share/prims/jni.cpp, line 632]
Event: 178.765 Thread 0x000001a119d4f800 Exception <a 'java/net/SocketTimeoutException'{0x00000005d018b5a0}: Read timed out> (0x00000005d018b5a0) thrown at [t:/workspace/open/src/hotspot/share/prims/jni.cpp, line 632]
Event: 179.283 Thread 0x000001a119d4f800 Exception <a 'java/net/SocketTimeoutException'{0x00000005d0198138}: Read timed out> (0x00000005d0198138) thrown at [t:/workspace/open/src/hotspot/share/prims/jni.cpp, line 632]

Events (10 events):
Event: 183.375 Thread 0x000001a119d4f800 DEOPT UNPACKING pc=0x000001a1258a88ce sp=0x0000005f785faf20 mode 0
Event: 183.382 loading class java/lang/StackStreamFactory$StackFrameTraverser done
Event: 183.382 loading class java/lang/StackStreamFactory$WalkerState
Event: 183.382 loading class java/lang/StackStreamFactory$WalkerState done
Event: 183.382 loading class java/lang/StackStreamFactory$1
Event: 183.383 loading class java/lang/StackStreamFactory$1 done
Event: 183.383 loading class java/lang/StackStreamFactory$StackFrameTraverser$StackFrameBuffer
Event: 183.384 loading class java/lang/StackStreamFactory$FrameBuffer
Event: 183.385 loading class java/lang/StackStreamFactory$FrameBuffer done
Event: 183.385 loading class java/lang/StackStreamFactory$StackFrameTraverser$StackFrameBuffer done


Dynamic libraries:
0x00007ff707630000 - 0x00007ff70766e000 	C:\Program Files\Java\jdk-10.0.1\bin\javaw.exe
0x00007ff8281d0000 - 0x00007ff8283b1000 	C:\WINDOWS\SYSTEM32\ntdll.dll
0x00007ff8258a0000 - 0x00007ff825952000 	C:\WINDOWS\System32\KERNEL32.DLL
0x00007ff8248d0000 - 0x00007ff824b43000 	C:\WINDOWS\System32\KERNELBASE.dll
0x00007ff825b80000 - 0x00007ff825c21000 	C:\WINDOWS\System32\ADVAPI32.dll
0x00007ff825800000 - 0x00007ff82589e000 	C:\WINDOWS\System32\msvcrt.dll
0x00007ff827bf0000 - 0x00007ff827c4b000 	C:\WINDOWS\System32\sechost.dll
0x00007ff826390000 - 0x00007ff8264b4000 	C:\WINDOWS\System32\RPCRT4.dll
0x00007ff826590000 - 0x00007ff826720000 	C:\WINDOWS\System32\USER32.dll
0x00007ff824ba0000 - 0x00007ff824bc0000 	C:\WINDOWS\System32\win32u.dll
0x00007ff825af0000 - 0x00007ff825b18000 	C:\WINDOWS\System32\GDI32.dll
0x00007ff824db0000 - 0x00007ff824f42000 	C:\WINDOWS\System32\gdi32full.dll
0x00007ff8245a0000 - 0x00007ff82463f000 	C:\WINDOWS\System32\msvcp_win.dll
0x00007ff824720000 - 0x00007ff82481a000 	C:\WINDOWS\System32\ucrtbase.dll
0x00007ff81a580000 - 0x00007ff81a7e9000 	C:\WINDOWS\WinSxS\amd64_microsoft.windows.common-controls_6595b64144ccf1df_6.0.17134.472_none_fb3f9af53068156d\COMCTL32.dll
0x00007ff822fe0000 - 0x00007ff822fea000 	C:\WINDOWS\SYSTEM32\VERSION.dll
0x00007ff825c30000 - 0x00007ff825f52000 	C:\WINDOWS\System32\combase.dll
0x00007ff824640000 - 0x00007ff8246ba000 	C:\WINDOWS\System32\bcryptPrimitives.dll
0x00007ff825a90000 - 0x00007ff825abd000 	C:\WINDOWS\System32\IMM32.DLL
0x00007ffff9fe0000 - 0x00007ffffa0cf000 	C:\Program Files\Java\jdk-10.0.1\bin\msvcr120.dll
0x00007ffffaa70000 - 0x00007ffffab16000 	C:\Program Files\Java\jdk-10.0.1\bin\msvcp120.dll
0x000000006f460000 - 0x000000006fed0000 	C:\Program Files\Java\jdk-10.0.1\bin\server\jvm.dll
0x00007ff827be0000 - 0x00007ff827be8000 	C:\WINDOWS\System32\PSAPI.DLL
0x00007ff8157f0000 - 0x00007ff8157f9000 	C:\WINDOWS\SYSTEM32\WSOCK32.dll
0x00007ff820f40000 - 0x00007ff820f63000 	C:\WINDOWS\SYSTEM32\WINMM.dll
0x00007ff825960000 - 0x00007ff8259cc000 	C:\WINDOWS\System32\WS2_32.dll
0x00007ff820f10000 - 0x00007ff820f3a000 	C:\WINDOWS\SYSTEM32\WINMMBASE.dll
0x00007ff824b50000 - 0x00007ff824b99000 	C:\WINDOWS\System32\cfgmgr32.dll
0x00007ff820d70000 - 0x00007ff820d7f000 	C:\Program Files\Java\jdk-10.0.1\bin\verify.dll
0x00007ff812270000 - 0x00007ff812439000 	C:\WINDOWS\SYSTEM32\DBGHELP.DLL
0x00007ff813ec0000 - 0x00007ff813ee9000 	C:\WINDOWS\SYSTEM32\dbgcore.DLL
0x00007ff820790000 - 0x00007ff8207b7000 	C:\Program Files\Java\jdk-10.0.1\bin\java.dll
0x00007ff80d990000 - 0x00007ff80d9c9000 	E:\Downloads\eclipse\plugins\org.zeroturnaround.eclipse.embedder_2018.2.4.RELEASE\jrebel\lib\jrebel64.dll
0x00007ff8267a0000 - 0x00007ff827be0000 	C:\WINDOWS\System32\SHELL32.dll
0x00007ff8259d0000 - 0x00007ff825a79000 	C:\WINDOWS\System32\shcore.dll
0x00007ff824f50000 - 0x00007ff82565d000 	C:\WINDOWS\System32\windows.storage.dll
0x00007ff825b20000 - 0x00007ff825b71000 	C:\WINDOWS\System32\shlwapi.dll
0x00007ff824530000 - 0x00007ff824541000 	C:\WINDOWS\System32\kernel.appcore.dll
0x00007ff824510000 - 0x00007ff82452f000 	C:\WINDOWS\System32\profapi.dll
0x00007ff824550000 - 0x00007ff82459c000 	C:\WINDOWS\System32\powrprof.dll
0x00007ff8244e0000 - 0x00007ff8244ea000 	C:\WINDOWS\System32\FLTLIB.DLL
0x00007ff823f30000 - 0x00007ff823f3b000 	C:\WINDOWS\SYSTEM32\CRYPTBASE.DLL
0x00007ff820770000 - 0x00007ff820786000 	C:\Program Files\Java\jdk-10.0.1\bin\zip.dll
0x00007ff81ea20000 - 0x00007ff81ea2a000 	C:\Program Files\Java\jdk-10.0.1\bin\jimage.dll
0x00007ff81bbd0000 - 0x00007ff81bbea000 	C:\Program Files\Java\jdk-10.0.1\bin\net.dll
0x00007ff81e640000 - 0x00007ff81e71d000 	C:\WINDOWS\SYSTEM32\WINHTTP.dll
0x00007ff823d60000 - 0x00007ff823dc6000 	C:\WINDOWS\system32\mswsock.dll
0x00007ff818730000 - 0x00007ff818741000 	C:\Program Files\Java\jdk-10.0.1\bin\nio.dll
0x00007ff820cf0000 - 0x00007ff820d13000 	C:\Program Files\Java\jdk-10.0.1\bin\sunec.dll
0x00007ff8230d0000 - 0x00007ff8230db000 	C:\Program Files\Java\jdk-10.0.1\bin\sunmscapi.dll
0x00007ff824bc0000 - 0x00007ff824da2000 	C:\WINDOWS\System32\CRYPT32.dll
0x00007ff8244f0000 - 0x00007ff824502000 	C:\WINDOWS\System32\MSASN1.dll
0x00007ff817910000 - 0x00007ff81792b000 	C:\Users\DaiKa\AppData\Local\Temp\jrebel-temp\ver-6115c254\IdeaWin64.dll
0x00007ff822820000 - 0x00007ff822829000 	C:\Program Files\Java\jdk-10.0.1\bin\management.dll
0x00007ff820fc0000 - 0x00007ff820fca000 	C:\Program Files\Java\jdk-10.0.1\bin\management_ext.dll
0x00007ff823f10000 - 0x00007ff823f27000 	C:\WINDOWS\SYSTEM32\CRYPTSP.dll
0x00007ff823940000 - 0x00007ff823973000 	C:\WINDOWS\system32\rsaenh.dll
0x00007ff824040000 - 0x00007ff824065000 	C:\WINDOWS\SYSTEM32\bcrypt.dll
0x00007ff8243e0000 - 0x00007ff824408000 	C:\WINDOWS\SYSTEM32\USERENV.dll
0x00007ff823ae0000 - 0x00007ff823b18000 	C:\WINDOWS\SYSTEM32\IPHLPAPI.DLL
0x00007ff825a80000 - 0x00007ff825a88000 	C:\WINDOWS\System32\NSI.dll
0x00007ff81eb60000 - 0x00007ff81eb76000 	C:\WINDOWS\SYSTEM32\dhcpcsvc6.DLL
0x00007ff81eb40000 - 0x00007ff81eb5a000 	C:\WINDOWS\SYSTEM32\dhcpcsvc.DLL
0x00007ff823b20000 - 0x00007ff823bde000 	C:\WINDOWS\SYSTEM32\DNSAPI.dll
0x00007ff81e940000 - 0x00007ff81e9b2000 	C:\WINDOWS\System32\fwpuclnt.dll
0x00007ff81e740000 - 0x00007ff81e74a000 	C:\Windows\System32\rasadhlp.dll

dbghelp: loaded successfully - version: 4.0.5 - missing functions: none
symbol engine: initialized successfully - sym options: 0x614 - pdb path: .;C:\Program Files\Java\jdk-10.0.1\bin;C:\WINDOWS\SYSTEM32;C:\WINDOWS\WinSxS\amd64_microsoft.windows.common-controls_6595b64144ccf1df_6.0.17134.472_none_fb3f9af53068156d;C:\Program Files\Java\jdk-10.0.1\bin\server;E:\Downloads\eclipse\plugins\org.zeroturnaround.eclipse.embedder_2018.2.4.RELEASE\jrebel\lib;C:\Users\DaiKa\AppData\Local\Temp\jrebel-temp\ver-6115c254

VM Arguments:
jvm_args: -Drebel.base=C:\Users\DaiKa\.jrebel -Drebel.env.ide.plugin.version=2018.2.4 -Drebel.env.ide.version=4.8.0 -Drebel.env.ide.product=Eclipse_IDE -Drebel.env.ide=eclipse -Drebel.notification.url=http://localhost:17434 -Drebel.workspace.path=E:\Users\Daika\eclipse\project -Drebel.properties=C:\Users\DaiKa\.jrebel\jrebel.properties -agentpath:E:\Downloads\eclipse\plugins\org.zeroturnaround.eclipse.embedder_2018.2.4.RELEASE\jrebel\lib\jrebel64.dll -Dfile.encoding=UTF-8 -Djava.net.preferIPv4Stack=true 
java_command: net.cec.controller.GroupVideoWatcher
java_class_path (initial): E:\Users\Daika\eclipse\project\cecfacebookbrowser\bin;C:\Users\DaiKa\.gradle\caches\modules-2\files-2.1\org.apache.commons\commons-math3\3.6.1\e4ba98f1d4b3c80ec46392f25e094a6a2e58fcbf\commons-math3-3.6.1.jar;C:\Users\DaiKa\.gradle\caches\modules-2\files-2.1\org.seleniumhq.selenium\selenium-java\2.41.0\8cde7fbfe4bbef82354e9d48a989ee8062375332\selenium-java-2.41.0.jar;C:\Users\DaiKa\.gradle\caches\modules-2\files-2.1\com.google.cloud\google-cloud-bigquery\1.38.0\85b8b6e6626629b84ee29ac3149fc4d3b99a72a\google-cloud-bigquery-1.38.0.jar;C:\Users\DaiKa\.gradle\caches\modules-2\files-2.1\com.google.cloud\google-cloud-pubsub\1.35.0\8d7217db990c7f5097fab71169efc0e3dd379fdb\google-cloud-pubsub-1.35.0.jar;C:\Users\DaiKa\.gradle\caches\modules-2\files-2.1\com.google.cloud\google-cloud-core-grpc\1.35.0\49e8a3e831d3ce8f9896a821f65cb5584035c13f\google-cloud-core-grpc-1.35.0.jar;C:\Users\DaiKa\.gradle\caches\modules-2\files-2.1\org.seleniumhq.selenium\selenium-chrome-driver\2.41.0\23204a9c1a07c4ad463f4c06bd0c66f3970e84a1\selenium-chrome-driver-2.41.0.jar;C:\Users\DaiKa\.gradle\caches\modules-2\files-2.1\org.seleniumhq.selenium\selenium-htmlunit-driver\2.41.0\e72251df8aa5f02f268f6b1b9206d5d1616cc2ee\selenium-htmlunit-driver-2.41.0.jar;C:\Users\DaiKa\.gradle\caches\modules-2\files-2.1\org.seleniumhq.selenium\selenium-firefox-driver\2.41.0\97b440bf2f1f61fe5e4ddc05922b58e0f76d0cf6\selenium-firefox-driver-2.41.0.jar;C:\Users\DaiKa\.gradle\caches\modules-2\files-2.1\org.seleniumhq.selenium\selenium-ie-driver\2.41.0\d6aa1778fc392959ac7790c30dfa46f001355486\selenium-ie-driver-2.41.0.jar;C:\Users\DaiKa\.gradle\caches\modules-2\files-2.1\org.seleniumhq.selenium\selenium-safari-driver\2.41.0\32e9ed401360e32bba57905b0a04964bcfe65b62\selenium-safari-driver-2.41.0.jar;C:\Users\DaiKa\.gradle\caches\modules-2\files-2.1\org.seleniumhq.selenium\selenium-remote-driver\2.41.0\b59b75e491c507334dc66a45bfc754ecd32af866\selenium-remote-driver-2.41.0.jar;C:\Users\DaiKa\.gradle\
Launcher Type: SUN_STANDARD

Logging:
Log output configuration:
#0: stdout all=warning uptime,level,tags
#1: stderr all=off uptime,level,tags

Environment Variables:
JAVA_HOME=C:\Program Files\Java\jdk-10.0.1\
_JAVA_OPTIONS=-Djava.net.preferIPv4Stack=true
PATH=C:/Program Files/Java/jdk-10.0.1/bin/server;C:/Program Files/Java/jdk-10.0.1/bin;C:\ProgramData\DockerDesktop\version-bin;C:\Program Files\Docker\Docker\Resources\bin;C:\Program Files\NVIDIA GPU Computing Toolkit\CUDA\v9.0\bin;C:\Program Files\NVIDIA GPU Computing Toolkit\CUDA\v9.0\libnvvp;C:\Program Files\NVIDIA GPU Computing Toolkit\CUDA\v9.1\bin;C:\Program Files\NVIDIA GPU Computing Toolkit\CUDA\v9.1\libnvvp;E:\ProgramData\Anaconda2;E:\ProgramData\Anaconda2\Library\mingw-w64\bin;E:\ProgramData\Anaconda2\Library\usr\bin;E:\ProgramData\Anaconda2\Library\bin;E:\ProgramData\Anaconda2\Scripts;C:\Windows\system32;C:\Windows;C:\Windows\System32\Wbem;C:\Windows\System32\WindowsPowerShell\v1.0\;C:\Program Files (x86)\NVIDIA Corporation\PhysX\Common;C:\WINDOWS\system32;C:\WINDOWS;C:\WINDOWS\System32\Wbem;C:\WINDOWS\System32\WindowsPowerShell\v1.0\;C:\WINDOWS\system32;C:\WINDOWS;C:\WINDOWS\System32\Wbem;C:\WINDOWS\System32\WindowsPowerShell\v1.0\;C:\WINDOWS\System32\OpenSSH\;E:\Program Files (x86)\Google\Cloud SDK\google-cloud-sdk\bin;C:\Program Files\dotnet\;C:\Program Files\Java\jdk-10.0.1\bin;C:\Program Files\Microsoft SQL Server\130\Tools\Binn\;E:\javaallstar\gradle-4.10.2\bin;E:\Program Files\nodejs\;C:\Users\DaiKa\AppData\Local\Microsoft\WindowsApps;E:\Users\DaiKa\AppData\Local\Programs\Fiddler;C:\Exercism;C:\Users\DaiKa\.dotnet\tools;E:\javaallstar\apache-maven-3.5.4\bin;C:\Users\DaiKa\AppData\Local\Programs\Microsoft VS Code\bin;C:\Users\DaiKa\AppData\Local\Keybase\;C:\Users\DaiKa\AppData\Roaming\npm;E:\Downloads\eclipse;
USERNAME=DaiKa
OS=Windows_NT
PROCESSOR_IDENTIFIER=Intel64 Family 6 Model 63 Stepping 2, GenuineIntel



---------------  S Y S T E M  ---------------

OS: Windows 10 , 64 bit Build 17134 (10.0.17134.1)

CPU:total 12 (initial active 12) (6 cores per cpu, 2 threads per core) family 6 model 63 stepping 2, cmov, cx8, fxsr, mmx, sse, sse2, sse3, ssse3, sse4.1, sse4.2, popcnt, avx, avx2, aes, clmul, erms, lzcnt, ht, tsc, tscinvbit, bmi1, bmi2, fma

Memory: 4k page, physical 33452152k(6927264k free), swap 69906396k(8809444k free)

vm_info: Java HotSpot(TM) 64-Bit Server VM (10.0.1+10) for windows-amd64 JRE (10.0.1+10), built on Mar 27 2018 02:27:48 by "mach5one" with MS VC++ 12.0 (VS2013)

END.
